<?xml version="1.0" encoding="UTF-8"?>
<testng-results ignored="0" total="287" passed="279" failed="8" skipped="0">
  <reporter-output>
  </reporter-output>
  <suite started-at="2021-12-20T16:26:02 IST" name="iSelect" finished-at="2021-12-20T17:43:07 IST" duration-ms="4625668">
    <groups>
      <group name="Smoke">
        <method signature="GlobalHomePageTest.testHealthInsuranceButton()[pri:0, instance:com.iselect.tests.GlobalHomePageTest@f1da57d]" name="testHealthInsuranceButton" class="com.iselect.tests.GlobalHomePageTest"/>
        <method signature="GlobalHomePageTest.testLifeInsuranceButton()[pri:0, instance:com.iselect.tests.GlobalHomePageTest@f1da57d]" name="testLifeInsuranceButton" class="com.iselect.tests.GlobalHomePageTest"/>
      </group> <!-- Smoke -->
    </groups>
    <test started-at="2021-12-20T16:26:02 IST" name="Regression" finished-at="2021-12-20T17:43:07 IST" duration-ms="4625668">
      <class name="com.iselect.tests.GlobalHomePageTest">
        <test-method is-config="true" signature="startTest()[pri:0, instance:com.iselect.tests.GlobalHomePageTest@f1da57d]" started-at="2021-12-20T16:26:01 IST" name="startTest" finished-at="2021-12-20T16:26:02 IST" duration-ms="268" status="PASS">
          <reporter-output>
          </reporter-output>
        </test-method> <!-- startTest -->
        <test-method is-config="true" signature="setup(java.lang.reflect.Method)[pri:0, instance:com.iselect.tests.GlobalHomePageTest@f1da57d]" started-at="2021-12-20T16:26:02 IST" name="setup" finished-at="2021-12-20T16:26:13 IST" duration-ms="11607" status="PASS">
          <params>
            <param index="0">
              <value>
                <![CDATA[public void com.iselect.tests.GlobalHomePageTest.clickOnSwitchingElecProviders()]]>
              </value>
            </param>
          </params>
          <reporter-output>
          </reporter-output>
        </test-method> <!-- setup -->
        <test-method signature="clickOnSwitchingElecProviders()[pri:0, instance:com.iselect.tests.GlobalHomePageTest@f1da57d]" started-at="2021-12-20T16:26:13 IST" name="clickOnSwitchingElecProviders" finished-at="2021-12-20T16:26:20 IST" duration-ms="6733" status="PASS">
          <reporter-output>
          </reporter-output>
        </test-method> <!-- clickOnSwitchingElecProviders -->
        <test-method is-config="true" signature="endTest(org.testng.ITestResult,java.lang.reflect.Method)[pri:0, instance:com.iselect.tests.GlobalHomePageTest@f1da57d]" started-at="2021-12-20T16:26:20 IST" name="endTest" finished-at="2021-12-20T16:26:20 IST" duration-ms="94" status="PASS">
          <params>
            <param index="0">
              <value>
                <![CDATA[[TestResult name=clickOnSwitchingElecProviders status=SUCCESS method=GlobalHomePageTest.clickOnSwitchingElecProviders()[pri:0, instance:com.iselect.tests.GlobalHomePageTest@f1da57d] output={null}]]]>
              </value>
            </param>
            <param index="1">
              <value>
                <![CDATA[public void com.iselect.tests.GlobalHomePageTest.clickOnSwitchingElecProviders()]]>
              </value>
            </param>
          </params>
          <reporter-output>
          </reporter-output>
        </test-method> <!-- endTest -->
        <test-method is-config="true" signature="setup(java.lang.reflect.Method)[pri:0, instance:com.iselect.tests.GlobalHomePageTest@f1da57d]" started-at="2021-12-20T16:26:20 IST" name="setup" finished-at="2021-12-20T16:26:28 IST" duration-ms="8293" status="PASS">
          <params>
            <param index="0">
              <value>
                <![CDATA[public void com.iselect.tests.GlobalHomePageTest.test405InvestorRetirementVisa()]]>
              </value>
            </param>
          </params>
          <reporter-output>
          </reporter-output>
        </test-method> <!-- setup -->
        <test-method signature="test405InvestorRetirementVisa()[pri:0, instance:com.iselect.tests.GlobalHomePageTest@f1da57d]" started-at="2021-12-20T16:26:28 IST" name="test405InvestorRetirementVisa" finished-at="2021-12-20T16:26:34 IST" duration-ms="5649" status="PASS">
          <reporter-output>
          </reporter-output>
        </test-method> <!-- test405InvestorRetirementVisa -->
        <test-method is-config="true" signature="endTest(org.testng.ITestResult,java.lang.reflect.Method)[pri:0, instance:com.iselect.tests.GlobalHomePageTest@f1da57d]" started-at="2021-12-20T16:26:34 IST" name="endTest" finished-at="2021-12-20T16:26:34 IST" duration-ms="89" status="PASS">
          <params>
            <param index="0">
              <value>
                <![CDATA[[TestResult name=test405InvestorRetirementVisa status=SUCCESS method=GlobalHomePageTest.test405InvestorRetirementVisa()[pri:0, instance:com.iselect.tests.GlobalHomePageTest@f1da57d] output={null}]]]>
              </value>
            </param>
            <param index="1">
              <value>
                <![CDATA[public void com.iselect.tests.GlobalHomePageTest.test405InvestorRetirementVisa()]]>
              </value>
            </param>
          </params>
          <reporter-output>
          </reporter-output>
        </test-method> <!-- endTest -->
        <test-method is-config="true" signature="setup(java.lang.reflect.Method)[pri:0, instance:com.iselect.tests.GlobalHomePageTest@f1da57d]" started-at="2021-12-20T16:26:34 IST" name="setup" finished-at="2021-12-20T16:26:43 IST" duration-ms="8570" status="PASS">
          <params>
            <param index="0">
              <value>
                <![CDATA[public void com.iselect.tests.GlobalHomePageTest.test411ExchangeVisa()]]>
              </value>
            </param>
          </params>
          <reporter-output>
          </reporter-output>
        </test-method> <!-- setup -->
        <test-method signature="test411ExchangeVisa()[pri:0, instance:com.iselect.tests.GlobalHomePageTest@f1da57d]" started-at="2021-12-20T16:26:43 IST" name="test411ExchangeVisa" finished-at="2021-12-20T16:26:48 IST" duration-ms="5678" status="PASS">
          <reporter-output>
          </reporter-output>
        </test-method> <!-- test411ExchangeVisa -->
        <test-method is-config="true" signature="endTest(org.testng.ITestResult,java.lang.reflect.Method)[pri:0, instance:com.iselect.tests.GlobalHomePageTest@f1da57d]" started-at="2021-12-20T16:26:48 IST" name="endTest" finished-at="2021-12-20T16:26:49 IST" duration-ms="79" status="PASS">
          <params>
            <param index="0">
              <value>
                <![CDATA[[TestResult name=test411ExchangeVisa status=SUCCESS method=GlobalHomePageTest.test411ExchangeVisa()[pri:0, instance:com.iselect.tests.GlobalHomePageTest@f1da57d] output={null}]]]>
              </value>
            </param>
            <param index="1">
              <value>
                <![CDATA[public void com.iselect.tests.GlobalHomePageTest.test411ExchangeVisa()]]>
              </value>
            </param>
          </params>
          <reporter-output>
          </reporter-output>
        </test-method> <!-- endTest -->
        <test-method is-config="true" signature="setup(java.lang.reflect.Method)[pri:0, instance:com.iselect.tests.GlobalHomePageTest@f1da57d]" started-at="2021-12-20T16:26:49 IST" name="setup" finished-at="2021-12-20T16:26:57 IST" duration-ms="8090" status="PASS">
          <params>
            <param index="0">
              <value>
                <![CDATA[public void com.iselect.tests.GlobalHomePageTest.test416SpecialProgramVisa()]]>
              </value>
            </param>
          </params>
          <reporter-output>
          </reporter-output>
        </test-method> <!-- setup -->
        <test-method signature="test416SpecialProgramVisa()[pri:0, instance:com.iselect.tests.GlobalHomePageTest@f1da57d]" started-at="2021-12-20T16:26:57 IST" name="test416SpecialProgramVisa" finished-at="2021-12-20T16:27:02 IST" duration-ms="5866" status="PASS">
          <reporter-output>
          </reporter-output>
        </test-method> <!-- test416SpecialProgramVisa -->
        <test-method is-config="true" signature="endTest(org.testng.ITestResult,java.lang.reflect.Method)[pri:0, instance:com.iselect.tests.GlobalHomePageTest@f1da57d]" started-at="2021-12-20T16:27:02 IST" name="endTest" finished-at="2021-12-20T16:27:03 IST" duration-ms="86" status="PASS">
          <params>
            <param index="0">
              <value>
                <![CDATA[[TestResult name=test416SpecialProgramVisa status=SUCCESS method=GlobalHomePageTest.test416SpecialProgramVisa()[pri:0, instance:com.iselect.tests.GlobalHomePageTest@f1da57d] output={null}]]]>
              </value>
            </param>
            <param index="1">
              <value>
                <![CDATA[public void com.iselect.tests.GlobalHomePageTest.test416SpecialProgramVisa()]]>
              </value>
            </param>
          </params>
          <reporter-output>
          </reporter-output>
        </test-method> <!-- endTest -->
        <test-method is-config="true" signature="setup(java.lang.reflect.Method)[pri:0, instance:com.iselect.tests.GlobalHomePageTest@f1da57d]" started-at="2021-12-20T16:27:03 IST" name="setup" finished-at="2021-12-20T16:27:11 IST" duration-ms="8314" status="PASS">
          <params>
            <param index="0">
              <value>
                <![CDATA[public void com.iselect.tests.GlobalHomePageTest.test417WorkingHolidayVisa()]]>
              </value>
            </param>
          </params>
          <reporter-output>
          </reporter-output>
        </test-method> <!-- setup -->
        <test-method signature="test417WorkingHolidayVisa()[pri:0, instance:com.iselect.tests.GlobalHomePageTest@f1da57d]" started-at="2021-12-20T16:27:11 IST" name="test417WorkingHolidayVisa" finished-at="2021-12-20T16:27:17 IST" duration-ms="5668" status="PASS">
          <reporter-output>
          </reporter-output>
        </test-method> <!-- test417WorkingHolidayVisa -->
        <test-method is-config="true" signature="endTest(org.testng.ITestResult,java.lang.reflect.Method)[pri:0, instance:com.iselect.tests.GlobalHomePageTest@f1da57d]" started-at="2021-12-20T16:27:17 IST" name="endTest" finished-at="2021-12-20T16:27:17 IST" duration-ms="89" status="PASS">
          <params>
            <param index="0">
              <value>
                <![CDATA[[TestResult name=test417WorkingHolidayVisa status=SUCCESS method=GlobalHomePageTest.test417WorkingHolidayVisa()[pri:0, instance:com.iselect.tests.GlobalHomePageTest@f1da57d] output={null}]]]>
              </value>
            </param>
            <param index="1">
              <value>
                <![CDATA[public void com.iselect.tests.GlobalHomePageTest.test417WorkingHolidayVisa()]]>
              </value>
            </param>
          </params>
          <reporter-output>
          </reporter-output>
        </test-method> <!-- endTest -->
        <test-method is-config="true" signature="setup(java.lang.reflect.Method)[pri:0, instance:com.iselect.tests.GlobalHomePageTest@f1da57d]" started-at="2021-12-20T16:27:17 IST" name="setup" finished-at="2021-12-20T16:27:25 IST" duration-ms="8248" status="PASS">
          <params>
            <param index="0">
              <value>
                <![CDATA[public void com.iselect.tests.GlobalHomePageTest.testAllHomeLoanCalculators()]]>
              </value>
            </param>
          </params>
          <reporter-output>
          </reporter-output>
        </test-method> <!-- setup -->
        <test-method signature="testAllHomeLoanCalculators()[pri:0, instance:com.iselect.tests.GlobalHomePageTest@f1da57d]" started-at="2021-12-20T16:27:25 IST" name="testAllHomeLoanCalculators" finished-at="2021-12-20T16:27:31 IST" duration-ms="5838" status="PASS">
          <reporter-output>
          </reporter-output>
        </test-method> <!-- testAllHomeLoanCalculators -->
        <test-method is-config="true" signature="endTest(org.testng.ITestResult,java.lang.reflect.Method)[pri:0, instance:com.iselect.tests.GlobalHomePageTest@f1da57d]" started-at="2021-12-20T16:27:31 IST" name="endTest" finished-at="2021-12-20T16:27:31 IST" duration-ms="90" status="PASS">
          <params>
            <param index="0">
              <value>
                <![CDATA[[TestResult name=testAllHomeLoanCalculators status=SUCCESS method=GlobalHomePageTest.testAllHomeLoanCalculators()[pri:0, instance:com.iselect.tests.GlobalHomePageTest@f1da57d] output={null}]]]>
              </value>
            </param>
            <param index="1">
              <value>
                <![CDATA[public void com.iselect.tests.GlobalHomePageTest.testAllHomeLoanCalculators()]]>
              </value>
            </param>
          </params>
          <reporter-output>
          </reporter-output>
        </test-method> <!-- endTest -->
        <test-method is-config="true" signature="setup(java.lang.reflect.Method)[pri:0, instance:com.iselect.tests.GlobalHomePageTest@f1da57d]" started-at="2021-12-20T16:27:31 IST" name="setup" finished-at="2021-12-20T16:27:39 IST" duration-ms="8216" status="PASS">
          <params>
            <param index="0">
              <value>
                <![CDATA[public void com.iselect.tests.GlobalHomePageTest.testAmbulanceCoverBtnInHealth()]]>
              </value>
            </param>
          </params>
          <reporter-output>
          </reporter-output>
        </test-method> <!-- setup -->
        <test-method signature="testAmbulanceCoverBtnInHealth()[pri:0, instance:com.iselect.tests.GlobalHomePageTest@f1da57d]" started-at="2021-12-20T16:27:39 IST" name="testAmbulanceCoverBtnInHealth" finished-at="2021-12-20T16:27:46 IST" duration-ms="7112" status="PASS">
          <reporter-output>
          </reporter-output>
        </test-method> <!-- testAmbulanceCoverBtnInHealth -->
        <test-method is-config="true" signature="endTest(org.testng.ITestResult,java.lang.reflect.Method)[pri:0, instance:com.iselect.tests.GlobalHomePageTest@f1da57d]" started-at="2021-12-20T16:27:46 IST" name="endTest" finished-at="2021-12-20T16:27:46 IST" duration-ms="82" status="PASS">
          <params>
            <param index="0">
              <value>
                <![CDATA[[TestResult name=testAmbulanceCoverBtnInHealth status=SUCCESS method=GlobalHomePageTest.testAmbulanceCoverBtnInHealth()[pri:0, instance:com.iselect.tests.GlobalHomePageTest@f1da57d] output={null}]]]>
              </value>
            </param>
            <param index="1">
              <value>
                <![CDATA[public void com.iselect.tests.GlobalHomePageTest.testAmbulanceCoverBtnInHealth()]]>
              </value>
            </param>
          </params>
          <reporter-output>
          </reporter-output>
        </test-method> <!-- endTest -->
        <test-method is-config="true" signature="setup(java.lang.reflect.Method)[pri:0, instance:com.iselect.tests.GlobalHomePageTest@f1da57d]" started-at="2021-12-20T16:27:46 IST" name="setup" finished-at="2021-12-20T16:27:55 IST" duration-ms="8525" status="PASS">
          <params>
            <param index="0">
              <value>
                <![CDATA[public void com.iselect.tests.GlobalHomePageTest.testAusisGovtRebateBtnInHealth()]]>
              </value>
            </param>
          </params>
          <reporter-output>
          </reporter-output>
        </test-method> <!-- setup -->
        <test-method signature="testAusisGovtRebateBtnInHealth()[pri:0, instance:com.iselect.tests.GlobalHomePageTest@f1da57d]" started-at="2021-12-20T16:27:55 IST" name="testAusisGovtRebateBtnInHealth" finished-at="2021-12-20T16:28:01 IST" duration-ms="6063" status="PASS">
          <reporter-output>
          </reporter-output>
        </test-method> <!-- testAusisGovtRebateBtnInHealth -->
        <test-method is-config="true" signature="endTest(org.testng.ITestResult,java.lang.reflect.Method)[pri:0, instance:com.iselect.tests.GlobalHomePageTest@f1da57d]" started-at="2021-12-20T16:28:01 IST" name="endTest" finished-at="2021-12-20T16:28:01 IST" duration-ms="70" status="PASS">
          <params>
            <param index="0">
              <value>
                <![CDATA[[TestResult name=testAusisGovtRebateBtnInHealth status=SUCCESS method=GlobalHomePageTest.testAusisGovtRebateBtnInHealth()[pri:0, instance:com.iselect.tests.GlobalHomePageTest@f1da57d] output={null}]]]>
              </value>
            </param>
            <param index="1">
              <value>
                <![CDATA[public void com.iselect.tests.GlobalHomePageTest.testAusisGovtRebateBtnInHealth()]]>
              </value>
            </param>
          </params>
          <reporter-output>
          </reporter-output>
        </test-method> <!-- endTest -->
        <test-method is-config="true" signature="setup(java.lang.reflect.Method)[pri:0, instance:com.iselect.tests.GlobalHomePageTest@f1da57d]" started-at="2021-12-20T16:28:01 IST" name="setup" finished-at="2021-12-20T16:28:09 IST" duration-ms="8404" status="PASS">
          <params>
            <param index="0">
              <value>
                <![CDATA[public void com.iselect.tests.GlobalHomePageTest.testBenefitsofbeingaprivatepatientBtnInHealth()]]>
              </value>
            </param>
          </params>
          <reporter-output>
          </reporter-output>
        </test-method> <!-- setup -->
        <test-method signature="testBenefitsofbeingaprivatepatientBtnInHealth()[pri:0, instance:com.iselect.tests.GlobalHomePageTest@f1da57d]" started-at="2021-12-20T16:28:09 IST" name="testBenefitsofbeingaprivatepatientBtnInHealth" finished-at="2021-12-20T16:28:14 IST" duration-ms="4688" status="PASS">
          <reporter-output>
          </reporter-output>
        </test-method> <!-- testBenefitsofbeingaprivatepatientBtnInHealth -->
        <test-method is-config="true" signature="endTest(org.testng.ITestResult,java.lang.reflect.Method)[pri:0, instance:com.iselect.tests.GlobalHomePageTest@f1da57d]" started-at="2021-12-20T16:28:14 IST" name="endTest" finished-at="2021-12-20T16:28:14 IST" duration-ms="85" status="PASS">
          <params>
            <param index="0">
              <value>
                <![CDATA[[TestResult name=testBenefitsofbeingaprivatepatientBtnInHealth status=SUCCESS method=GlobalHomePageTest.testBenefitsofbeingaprivatepatientBtnInHealth()[pri:0, instance:com.iselect.tests.GlobalHomePageTest@f1da57d] output={null}]]]>
              </value>
            </param>
            <param index="1">
              <value>
                <![CDATA[public void com.iselect.tests.GlobalHomePageTest.testBenefitsofbeingaprivatepatientBtnInHealth()]]>
              </value>
            </param>
          </params>
          <reporter-output>
          </reporter-output>
        </test-method> <!-- endTest -->
        <test-method is-config="true" signature="setup(java.lang.reflect.Method)[pri:0, instance:com.iselect.tests.GlobalHomePageTest@f1da57d]" started-at="2021-12-20T16:28:14 IST" name="setup" finished-at="2021-12-20T16:28:22 IST" duration-ms="7913" status="PASS">
          <params>
            <param index="0">
              <value>
                <![CDATA[public void com.iselect.tests.GlobalHomePageTest.testBorrowingPowerCalc()]]>
              </value>
            </param>
          </params>
          <reporter-output>
          </reporter-output>
        </test-method> <!-- setup -->
        <test-method signature="testBorrowingPowerCalc()[pri:0, instance:com.iselect.tests.GlobalHomePageTest@f1da57d]" started-at="2021-12-20T16:28:22 IST" name="testBorrowingPowerCalc" finished-at="2021-12-20T16:28:31 IST" duration-ms="9398" status="PASS">
          <reporter-output>
          </reporter-output>
        </test-method> <!-- testBorrowingPowerCalc -->
        <test-method is-config="true" signature="endTest(org.testng.ITestResult,java.lang.reflect.Method)[pri:0, instance:com.iselect.tests.GlobalHomePageTest@f1da57d]" started-at="2021-12-20T16:28:31 IST" name="endTest" finished-at="2021-12-20T16:28:31 IST" duration-ms="90" status="PASS">
          <params>
            <param index="0">
              <value>
                <![CDATA[[TestResult name=testBorrowingPowerCalc status=SUCCESS method=GlobalHomePageTest.testBorrowingPowerCalc()[pri:0, instance:com.iselect.tests.GlobalHomePageTest@f1da57d] output={null}]]]>
              </value>
            </param>
            <param index="1">
              <value>
                <![CDATA[public void com.iselect.tests.GlobalHomePageTest.testBorrowingPowerCalc()]]>
              </value>
            </param>
          </params>
          <reporter-output>
          </reporter-output>
        </test-method> <!-- endTest -->
        <test-method is-config="true" signature="setup(java.lang.reflect.Method)[pri:0, instance:com.iselect.tests.GlobalHomePageTest@f1da57d]" started-at="2021-12-20T16:28:31 IST" name="setup" finished-at="2021-12-20T16:28:40 IST" duration-ms="8599" status="PASS">
          <params>
            <param index="0">
              <value>
                <![CDATA[public void com.iselect.tests.GlobalHomePageTest.testBusinessInsuranceButton()]]>
              </value>
            </param>
          </params>
          <reporter-output>
          </reporter-output>
        </test-method> <!-- setup -->
        <test-method signature="testBusinessInsuranceButton()[pri:0, instance:com.iselect.tests.GlobalHomePageTest@f1da57d]" started-at="2021-12-20T16:28:40 IST" name="testBusinessInsuranceButton" finished-at="2021-12-20T16:28:45 IST" duration-ms="5066" status="PASS">
          <reporter-output>
          </reporter-output>
        </test-method> <!-- testBusinessInsuranceButton -->
        <test-method is-config="true" signature="endTest(org.testng.ITestResult,java.lang.reflect.Method)[pri:0, instance:com.iselect.tests.GlobalHomePageTest@f1da57d]" started-at="2021-12-20T16:28:45 IST" name="endTest" finished-at="2021-12-20T16:28:45 IST" duration-ms="72" status="PASS">
          <params>
            <param index="0">
              <value>
                <![CDATA[[TestResult name=testBusinessInsuranceButton status=SUCCESS method=GlobalHomePageTest.testBusinessInsuranceButton()[pri:0, instance:com.iselect.tests.GlobalHomePageTest@f1da57d] output={null}]]]>
              </value>
            </param>
            <param index="1">
              <value>
                <![CDATA[public void com.iselect.tests.GlobalHomePageTest.testBusinessInsuranceButton()]]>
              </value>
            </param>
          </params>
          <reporter-output>
          </reporter-output>
        </test-method> <!-- endTest -->
        <test-method is-config="true" signature="setup(java.lang.reflect.Method)[pri:0, instance:com.iselect.tests.GlobalHomePageTest@f1da57d]" started-at="2021-12-20T16:28:45 IST" name="setup" finished-at="2021-12-20T16:28:53 IST" duration-ms="8299" status="PASS">
          <params>
            <param index="0">
              <value>
                <![CDATA[public void com.iselect.tests.GlobalHomePageTest.testBusinessLoansFinanceButtonHover()]]>
              </value>
            </param>
          </params>
          <reporter-output>
          </reporter-output>
        </test-method> <!-- setup -->
        <test-method signature="testBusinessLoansFinanceButtonHover()[pri:0, instance:com.iselect.tests.GlobalHomePageTest@f1da57d]" started-at="2021-12-20T16:28:53 IST" name="testBusinessLoansFinanceButtonHover" finished-at="2021-12-20T16:29:02 IST" duration-ms="8546" status="PASS">
          <reporter-output>
          </reporter-output>
        </test-method> <!-- testBusinessLoansFinanceButtonHover -->
        <test-method is-config="true" signature="endTest(org.testng.ITestResult,java.lang.reflect.Method)[pri:0, instance:com.iselect.tests.GlobalHomePageTest@f1da57d]" started-at="2021-12-20T16:29:02 IST" name="endTest" finished-at="2021-12-20T16:29:02 IST" duration-ms="102" status="PASS">
          <params>
            <param index="0">
              <value>
                <![CDATA[[TestResult name=testBusinessLoansFinanceButtonHover status=SUCCESS method=GlobalHomePageTest.testBusinessLoansFinanceButtonHover()[pri:0, instance:com.iselect.tests.GlobalHomePageTest@f1da57d] output={null}]]]>
              </value>
            </param>
            <param index="1">
              <value>
                <![CDATA[public void com.iselect.tests.GlobalHomePageTest.testBusinessLoansFinanceButtonHover()]]>
              </value>
            </param>
          </params>
          <reporter-output>
          </reporter-output>
        </test-method> <!-- endTest -->
        <test-method is-config="true" signature="setup(java.lang.reflect.Method)[pri:0, instance:com.iselect.tests.GlobalHomePageTest@f1da57d]" started-at="2021-12-20T16:29:02 IST" name="setup" finished-at="2021-12-20T16:29:10 IST" duration-ms="8325" status="PASS">
          <params>
            <param index="0">
              <value>
                <![CDATA[public void com.iselect.tests.GlobalHomePageTest.testCarInsuranceACT()]]>
              </value>
            </param>
          </params>
          <reporter-output>
          </reporter-output>
        </test-method> <!-- setup -->
        <test-method signature="testCarInsuranceACT()[pri:0, instance:com.iselect.tests.GlobalHomePageTest@f1da57d]" started-at="2021-12-20T16:29:10 IST" name="testCarInsuranceACT" finished-at="2021-12-20T16:29:16 IST" duration-ms="5862" status="PASS">
          <reporter-output>
          </reporter-output>
        </test-method> <!-- testCarInsuranceACT -->
        <test-method is-config="true" signature="endTest(org.testng.ITestResult,java.lang.reflect.Method)[pri:0, instance:com.iselect.tests.GlobalHomePageTest@f1da57d]" started-at="2021-12-20T16:29:16 IST" name="endTest" finished-at="2021-12-20T16:29:16 IST" duration-ms="81" status="PASS">
          <params>
            <param index="0">
              <value>
                <![CDATA[[TestResult name=testCarInsuranceACT status=SUCCESS method=GlobalHomePageTest.testCarInsuranceACT()[pri:0, instance:com.iselect.tests.GlobalHomePageTest@f1da57d] output={null}]]]>
              </value>
            </param>
            <param index="1">
              <value>
                <![CDATA[public void com.iselect.tests.GlobalHomePageTest.testCarInsuranceACT()]]>
              </value>
            </param>
          </params>
          <reporter-output>
          </reporter-output>
        </test-method> <!-- endTest -->
        <test-method is-config="true" signature="setup(java.lang.reflect.Method)[pri:0, instance:com.iselect.tests.GlobalHomePageTest@f1da57d]" started-at="2021-12-20T16:29:16 IST" name="setup" finished-at="2021-12-20T16:29:25 IST" duration-ms="8522" status="PASS">
          <params>
            <param index="0">
              <value>
                <![CDATA[public void com.iselect.tests.GlobalHomePageTest.testCarInsuranceBtnInPopular()]]>
              </value>
            </param>
          </params>
          <reporter-output>
          </reporter-output>
        </test-method> <!-- setup -->
        <test-method signature="testCarInsuranceBtnInPopular()[pri:0, instance:com.iselect.tests.GlobalHomePageTest@f1da57d]" started-at="2021-12-20T16:29:25 IST" name="testCarInsuranceBtnInPopular" finished-at="2021-12-20T16:29:34 IST" duration-ms="8604" status="PASS">
          <reporter-output>
          </reporter-output>
        </test-method> <!-- testCarInsuranceBtnInPopular -->
        <test-method is-config="true" signature="endTest(org.testng.ITestResult,java.lang.reflect.Method)[pri:0, instance:com.iselect.tests.GlobalHomePageTest@f1da57d]" started-at="2021-12-20T16:29:34 IST" name="endTest" finished-at="2021-12-20T16:29:34 IST" duration-ms="111" status="PASS">
          <params>
            <param index="0">
              <value>
                <![CDATA[[TestResult name=testCarInsuranceBtnInPopular status=SUCCESS method=GlobalHomePageTest.testCarInsuranceBtnInPopular()[pri:0, instance:com.iselect.tests.GlobalHomePageTest@f1da57d] output={null}]]]>
              </value>
            </param>
            <param index="1">
              <value>
                <![CDATA[public void com.iselect.tests.GlobalHomePageTest.testCarInsuranceBtnInPopular()]]>
              </value>
            </param>
          </params>
          <reporter-output>
          </reporter-output>
        </test-method> <!-- endTest -->
        <test-method is-config="true" signature="setup(java.lang.reflect.Method)[pri:0, instance:com.iselect.tests.GlobalHomePageTest@f1da57d]" started-at="2021-12-20T16:29:34 IST" name="setup" finished-at="2021-12-20T16:29:42 IST" duration-ms="8734" status="PASS">
          <params>
            <param index="0">
              <value>
                <![CDATA[public void com.iselect.tests.GlobalHomePageTest.testCarInsuranceButton()]]>
              </value>
            </param>
          </params>
          <reporter-output>
          </reporter-output>
        </test-method> <!-- setup -->
        <test-method signature="testCarInsuranceButton()[pri:0, instance:com.iselect.tests.GlobalHomePageTest@f1da57d]" started-at="2021-12-20T16:29:42 IST" name="testCarInsuranceButton" finished-at="2021-12-20T16:29:51 IST" duration-ms="8559" status="PASS">
          <reporter-output>
          </reporter-output>
        </test-method> <!-- testCarInsuranceButton -->
        <test-method is-config="true" signature="endTest(org.testng.ITestResult,java.lang.reflect.Method)[pri:0, instance:com.iselect.tests.GlobalHomePageTest@f1da57d]" started-at="2021-12-20T16:29:51 IST" name="endTest" finished-at="2021-12-20T16:29:51 IST" duration-ms="89" status="PASS">
          <params>
            <param index="0">
              <value>
                <![CDATA[[TestResult name=testCarInsuranceButton status=SUCCESS method=GlobalHomePageTest.testCarInsuranceButton()[pri:0, instance:com.iselect.tests.GlobalHomePageTest@f1da57d] output={null}]]]>
              </value>
            </param>
            <param index="1">
              <value>
                <![CDATA[public void com.iselect.tests.GlobalHomePageTest.testCarInsuranceButton()]]>
              </value>
            </param>
          </params>
          <reporter-output>
          </reporter-output>
        </test-method> <!-- endTest -->
        <test-method is-config="true" signature="setup(java.lang.reflect.Method)[pri:0, instance:com.iselect.tests.GlobalHomePageTest@f1da57d]" started-at="2021-12-20T16:29:51 IST" name="setup" finished-at="2021-12-20T16:29:59 IST" duration-ms="7875" status="PASS">
          <params>
            <param index="0">
              <value>
                <![CDATA[public void com.iselect.tests.GlobalHomePageTest.testCarInsuranceGlossary()]]>
              </value>
            </param>
          </params>
          <reporter-output>
          </reporter-output>
        </test-method> <!-- setup -->
        <test-method signature="testCarInsuranceGlossary()[pri:0, instance:com.iselect.tests.GlobalHomePageTest@f1da57d]" started-at="2021-12-20T16:29:59 IST" name="testCarInsuranceGlossary" finished-at="2021-12-20T16:30:05 IST" duration-ms="6058" status="PASS">
          <reporter-output>
          </reporter-output>
        </test-method> <!-- testCarInsuranceGlossary -->
        <test-method is-config="true" signature="endTest(org.testng.ITestResult,java.lang.reflect.Method)[pri:0, instance:com.iselect.tests.GlobalHomePageTest@f1da57d]" started-at="2021-12-20T16:30:05 IST" name="endTest" finished-at="2021-12-20T16:30:05 IST" duration-ms="88" status="PASS">
          <params>
            <param index="0">
              <value>
                <![CDATA[[TestResult name=testCarInsuranceGlossary status=SUCCESS method=GlobalHomePageTest.testCarInsuranceGlossary()[pri:0, instance:com.iselect.tests.GlobalHomePageTest@f1da57d] output={null}]]]>
              </value>
            </param>
            <param index="1">
              <value>
                <![CDATA[public void com.iselect.tests.GlobalHomePageTest.testCarInsuranceGlossary()]]>
              </value>
            </param>
          </params>
          <reporter-output>
          </reporter-output>
        </test-method> <!-- endTest -->
        <test-method is-config="true" signature="setup(java.lang.reflect.Method)[pri:0, instance:com.iselect.tests.GlobalHomePageTest@f1da57d]" started-at="2021-12-20T16:30:05 IST" name="setup" finished-at="2021-12-20T16:30:14 IST" duration-ms="8552" status="PASS">
          <params>
            <param index="0">
              <value>
                <![CDATA[public void com.iselect.tests.GlobalHomePageTest.testCarInsuranceNSW()]]>
              </value>
            </param>
          </params>
          <reporter-output>
          </reporter-output>
        </test-method> <!-- setup -->
        <test-method signature="testCarInsuranceNSW()[pri:0, instance:com.iselect.tests.GlobalHomePageTest@f1da57d]" started-at="2021-12-20T16:30:14 IST" name="testCarInsuranceNSW" finished-at="2021-12-20T16:30:23 IST" duration-ms="9345" status="PASS">
          <reporter-output>
          </reporter-output>
        </test-method> <!-- testCarInsuranceNSW -->
        <test-method is-config="true" signature="endTest(org.testng.ITestResult,java.lang.reflect.Method)[pri:0, instance:com.iselect.tests.GlobalHomePageTest@f1da57d]" started-at="2021-12-20T16:30:23 IST" name="endTest" finished-at="2021-12-20T16:30:23 IST" duration-ms="90" status="PASS">
          <params>
            <param index="0">
              <value>
                <![CDATA[[TestResult name=testCarInsuranceNSW status=SUCCESS method=GlobalHomePageTest.testCarInsuranceNSW()[pri:0, instance:com.iselect.tests.GlobalHomePageTest@f1da57d] output={null}]]]>
              </value>
            </param>
            <param index="1">
              <value>
                <![CDATA[public void com.iselect.tests.GlobalHomePageTest.testCarInsuranceNSW()]]>
              </value>
            </param>
          </params>
          <reporter-output>
          </reporter-output>
        </test-method> <!-- endTest -->
        <test-method is-config="true" signature="setup(java.lang.reflect.Method)[pri:0, instance:com.iselect.tests.GlobalHomePageTest@f1da57d]" started-at="2021-12-20T16:30:23 IST" name="setup" finished-at="2021-12-20T16:30:32 IST" duration-ms="8493" status="PASS">
          <params>
            <param index="0">
              <value>
                <![CDATA[public void com.iselect.tests.GlobalHomePageTest.testCarInsuranceQLD()]]>
              </value>
            </param>
          </params>
          <reporter-output>
          </reporter-output>
        </test-method> <!-- setup -->
        <test-method signature="testCarInsuranceQLD()[pri:0, instance:com.iselect.tests.GlobalHomePageTest@f1da57d]" started-at="2021-12-20T16:30:32 IST" name="testCarInsuranceQLD" finished-at="2021-12-20T16:30:42 IST" duration-ms="9990" status="PASS">
          <reporter-output>
          </reporter-output>
        </test-method> <!-- testCarInsuranceQLD -->
        <test-method is-config="true" signature="endTest(org.testng.ITestResult,java.lang.reflect.Method)[pri:0, instance:com.iselect.tests.GlobalHomePageTest@f1da57d]" started-at="2021-12-20T16:30:42 IST" name="endTest" finished-at="2021-12-20T16:30:42 IST" duration-ms="89" status="PASS">
          <params>
            <param index="0">
              <value>
                <![CDATA[[TestResult name=testCarInsuranceQLD status=SUCCESS method=GlobalHomePageTest.testCarInsuranceQLD()[pri:0, instance:com.iselect.tests.GlobalHomePageTest@f1da57d] output={null}]]]>
              </value>
            </param>
            <param index="1">
              <value>
                <![CDATA[public void com.iselect.tests.GlobalHomePageTest.testCarInsuranceQLD()]]>
              </value>
            </param>
          </params>
          <reporter-output>
          </reporter-output>
        </test-method> <!-- endTest -->
        <test-method is-config="true" signature="setup(java.lang.reflect.Method)[pri:0, instance:com.iselect.tests.GlobalHomePageTest@f1da57d]" started-at="2021-12-20T16:30:42 IST" name="setup" finished-at="2021-12-20T16:30:50 IST" duration-ms="8788" status="PASS">
          <params>
            <param index="0">
              <value>
                <![CDATA[public void com.iselect.tests.GlobalHomePageTest.testCarInsuranceSA()]]>
              </value>
            </param>
          </params>
          <reporter-output>
          </reporter-output>
        </test-method> <!-- setup -->
        <test-method signature="testCarInsuranceSA()[pri:0, instance:com.iselect.tests.GlobalHomePageTest@f1da57d]" started-at="2021-12-20T16:30:50 IST" name="testCarInsuranceSA" finished-at="2021-12-20T16:30:56 IST" duration-ms="6004" status="PASS">
          <reporter-output>
          </reporter-output>
        </test-method> <!-- testCarInsuranceSA -->
        <test-method is-config="true" signature="endTest(org.testng.ITestResult,java.lang.reflect.Method)[pri:0, instance:com.iselect.tests.GlobalHomePageTest@f1da57d]" started-at="2021-12-20T16:30:56 IST" name="endTest" finished-at="2021-12-20T16:30:56 IST" duration-ms="75" status="PASS">
          <params>
            <param index="0">
              <value>
                <![CDATA[[TestResult name=testCarInsuranceSA status=SUCCESS method=GlobalHomePageTest.testCarInsuranceSA()[pri:0, instance:com.iselect.tests.GlobalHomePageTest@f1da57d] output={null}]]]>
              </value>
            </param>
            <param index="1">
              <value>
                <![CDATA[public void com.iselect.tests.GlobalHomePageTest.testCarInsuranceSA()]]>
              </value>
            </param>
          </params>
          <reporter-output>
          </reporter-output>
        </test-method> <!-- endTest -->
        <test-method is-config="true" signature="setup(java.lang.reflect.Method)[pri:0, instance:com.iselect.tests.GlobalHomePageTest@f1da57d]" started-at="2021-12-20T16:30:56 IST" name="setup" finished-at="2021-12-20T16:31:05 IST" duration-ms="8088" status="PASS">
          <params>
            <param index="0">
              <value>
                <![CDATA[public void com.iselect.tests.GlobalHomePageTest.testCarInsuranceTasmania()]]>
              </value>
            </param>
          </params>
          <reporter-output>
          </reporter-output>
        </test-method> <!-- setup -->
        <test-method signature="testCarInsuranceTasmania()[pri:0, instance:com.iselect.tests.GlobalHomePageTest@f1da57d]" started-at="2021-12-20T16:31:05 IST" name="testCarInsuranceTasmania" finished-at="2021-12-20T16:31:10 IST" duration-ms="5922" status="PASS">
          <reporter-output>
          </reporter-output>
        </test-method> <!-- testCarInsuranceTasmania -->
        <test-method is-config="true" signature="endTest(org.testng.ITestResult,java.lang.reflect.Method)[pri:0, instance:com.iselect.tests.GlobalHomePageTest@f1da57d]" started-at="2021-12-20T16:31:10 IST" name="endTest" finished-at="2021-12-20T16:31:11 IST" duration-ms="73" status="PASS">
          <params>
            <param index="0">
              <value>
                <![CDATA[[TestResult name=testCarInsuranceTasmania status=SUCCESS method=GlobalHomePageTest.testCarInsuranceTasmania()[pri:0, instance:com.iselect.tests.GlobalHomePageTest@f1da57d] output={null}]]]>
              </value>
            </param>
            <param index="1">
              <value>
                <![CDATA[public void com.iselect.tests.GlobalHomePageTest.testCarInsuranceTasmania()]]>
              </value>
            </param>
          </params>
          <reporter-output>
          </reporter-output>
        </test-method> <!-- endTest -->
        <test-method is-config="true" signature="setup(java.lang.reflect.Method)[pri:0, instance:com.iselect.tests.GlobalHomePageTest@f1da57d]" started-at="2021-12-20T16:31:11 IST" name="setup" finished-at="2021-12-20T16:31:19 IST" duration-ms="8745" status="PASS">
          <params>
            <param index="0">
              <value>
                <![CDATA[public void com.iselect.tests.GlobalHomePageTest.testCarInsuranceVictoria()]]>
              </value>
            </param>
          </params>
          <reporter-output>
          </reporter-output>
        </test-method> <!-- setup -->
        <test-method signature="testCarInsuranceVictoria()[pri:0, instance:com.iselect.tests.GlobalHomePageTest@f1da57d]" started-at="2021-12-20T16:31:19 IST" name="testCarInsuranceVictoria" finished-at="2021-12-20T16:31:25 IST" duration-ms="6019" status="PASS">
          <reporter-output>
          </reporter-output>
        </test-method> <!-- testCarInsuranceVictoria -->
        <test-method is-config="true" signature="endTest(org.testng.ITestResult,java.lang.reflect.Method)[pri:0, instance:com.iselect.tests.GlobalHomePageTest@f1da57d]" started-at="2021-12-20T16:31:25 IST" name="endTest" finished-at="2021-12-20T16:31:25 IST" duration-ms="87" status="PASS">
          <params>
            <param index="0">
              <value>
                <![CDATA[[TestResult name=testCarInsuranceVictoria status=SUCCESS method=GlobalHomePageTest.testCarInsuranceVictoria()[pri:0, instance:com.iselect.tests.GlobalHomePageTest@f1da57d] output={null}]]]>
              </value>
            </param>
            <param index="1">
              <value>
                <![CDATA[public void com.iselect.tests.GlobalHomePageTest.testCarInsuranceVictoria()]]>
              </value>
            </param>
          </params>
          <reporter-output>
          </reporter-output>
        </test-method> <!-- endTest -->
        <test-method is-config="true" signature="setup(java.lang.reflect.Method)[pri:0, instance:com.iselect.tests.GlobalHomePageTest@f1da57d]" started-at="2021-12-20T16:31:25 IST" name="setup" finished-at="2021-12-20T16:31:34 IST" duration-ms="8212" status="PASS">
          <params>
            <param index="0">
              <value>
                <![CDATA[public void com.iselect.tests.GlobalHomePageTest.testCarLoansFinanceButtonHover()]]>
              </value>
            </param>
          </params>
          <reporter-output>
          </reporter-output>
        </test-method> <!-- setup -->
        <test-method signature="testCarLoansFinanceButtonHover()[pri:0, instance:com.iselect.tests.GlobalHomePageTest@f1da57d]" started-at="2021-12-20T16:31:34 IST" name="testCarLoansFinanceButtonHover" finished-at="2021-12-20T16:32:09 IST" duration-ms="35568" status="FAIL">
          <exception class="org.openqa.selenium.NoSuchElementException">
            <message>
              <![CDATA[no such element: Unable to locate element: {"method":"xpath","selector":"//h1[text()='Compare Car Loans*']"}
  (Session info: headless chrome=96.0.4664.110)
For documentation on this error, please visit: https://selenium.dev/exceptions/#no_such_element
Build info: version: '4.1.0', revision: '87802e897b'
System info: host: 'A3864L', ip: '10.5.5.87', os.name: 'Windows 10', os.arch: 'amd64', os.version: '10.0', java.version: '17.0.1'
Driver info: org.openqa.selenium.chrome.ChromeDriver
Command: [7da04c1f347b530792f951ff057ad2b6, findElement {using=xpath, value=//h1[text()='Compare Car Loans*']}]
Capabilities {acceptInsecureCerts: false, browserName: chrome, browserVersion: 96.0.4664.110, chrome: {chromedriverVersion: 96.0.4664.45 (76e4c1bb2ab46..., userDataDir: C:\Users\KARTHI~1.KAL\AppDa...}, goog:chromeOptions: {debuggerAddress: localhost:52097}, javascriptEnabled: true, networkConnectionEnabled: false, pageLoadStrategy: normal, platform: WINDOWS, platformName: WINDOWS, proxy: Proxy(), se:cdp: ws://localhost:52097/devtoo..., se:cdpVersion: 96.0.4664.110, setWindowRect: true, strictFileInteractability: false, timeouts: {implicit: 0, pageLoad: 300000, script: 30000}, unhandledPromptBehavior: dismiss and notify, webauthn:extension:credBlob: true, webauthn:extension:largeBlob: true, webauthn:virtualAuthenticators: true}
Session ID: 7da04c1f347b530792f951ff057ad2b6]]>
            </message>
            <full-stacktrace>
              <![CDATA[org.openqa.selenium.NoSuchElementException: no such element: Unable to locate element: {"method":"xpath","selector":"//h1[text()='Compare Car Loans*']"}
  (Session info: headless chrome=96.0.4664.110)
For documentation on this error, please visit: https://selenium.dev/exceptions/#no_such_element
Build info: version: '4.1.0', revision: '87802e897b'
System info: host: 'A3864L', ip: '10.5.5.87', os.name: 'Windows 10', os.arch: 'amd64', os.version: '10.0', java.version: '17.0.1'
Driver info: org.openqa.selenium.chrome.ChromeDriver
Command: [7da04c1f347b530792f951ff057ad2b6, findElement {using=xpath, value=//h1[text()='Compare Car Loans*']}]
Capabilities {acceptInsecureCerts: false, browserName: chrome, browserVersion: 96.0.4664.110, chrome: {chromedriverVersion: 96.0.4664.45 (76e4c1bb2ab46..., userDataDir: C:\Users\KARTHI~1.KAL\AppDa...}, goog:chromeOptions: {debuggerAddress: localhost:52097}, javascriptEnabled: true, networkConnectionEnabled: false, pageLoadStrategy: normal, platform: WINDOWS, platformName: WINDOWS, proxy: Proxy(), se:cdp: ws://localhost:52097/devtoo..., se:cdpVersion: 96.0.4664.110, setWindowRect: true, strictFileInteractability: false, timeouts: {implicit: 0, pageLoad: 300000, script: 30000}, unhandledPromptBehavior: dismiss and notify, webauthn:extension:credBlob: true, webauthn:extension:largeBlob: true, webauthn:virtualAuthenticators: true}
Session ID: 7da04c1f347b530792f951ff057ad2b6
at java.base/jdk.internal.reflect.NativeConstructorAccessorImpl.newInstance0(Native Method)
at java.base/jdk.internal.reflect.NativeConstructorAccessorImpl.newInstance(NativeConstructorAccessorImpl.java:77)
at java.base/jdk.internal.reflect.DelegatingConstructorAccessorImpl.newInstance(DelegatingConstructorAccessorImpl.java:45)
at java.base/java.lang.reflect.Constructor.newInstanceWithCaller(Constructor.java:499)
at java.base/java.lang.reflect.Constructor.newInstance(Constructor.java:480)
at org.openqa.selenium.remote.codec.w3c.W3CHttpResponseCodec.createException(W3CHttpResponseCodec.java:200)
at org.openqa.selenium.remote.codec.w3c.W3CHttpResponseCodec.decode(W3CHttpResponseCodec.java:133)
at org.openqa.selenium.remote.codec.w3c.W3CHttpResponseCodec.decode(W3CHttpResponseCodec.java:53)
at org.openqa.selenium.remote.HttpCommandExecutor.execute(HttpCommandExecutor.java:184)
at org.openqa.selenium.remote.service.DriverCommandExecutor.invokeExecute(DriverCommandExecutor.java:164)
at org.openqa.selenium.remote.service.DriverCommandExecutor.execute(DriverCommandExecutor.java:139)
at org.openqa.selenium.remote.RemoteWebDriver.execute(RemoteWebDriver.java:559)
at org.openqa.selenium.remote.ElementLocation$ElementFinder$2.findElement(ElementLocation.java:162)
at org.openqa.selenium.remote.ElementLocation.findElement(ElementLocation.java:60)
at org.openqa.selenium.remote.RemoteWebDriver.findElement(RemoteWebDriver.java:383)
at org.openqa.selenium.remote.RemoteWebDriver.findElement(RemoteWebDriver.java:375)
at jdk.internal.reflect.GeneratedMethodAccessor2.invoke(Unknown Source)
at java.base/jdk.internal.reflect.DelegatingMethodAccessorImpl.invoke(DelegatingMethodAccessorImpl.java:43)
at java.base/java.lang.reflect.Method.invoke(Method.java:568)
at org.openqa.selenium.support.decorators.WebDriverDecorator.call(WebDriverDecorator.java:232)
at org.openqa.selenium.support.decorators.DefaultDecorated.call(DefaultDecorated.java:48)
at org.openqa.selenium.support.decorators.WebDriverDecorator.lambda$createProxy$0(WebDriverDecorator.java:294)
at jdk.proxy2/jdk.proxy2.$Proxy15.findElement(Unknown Source)
at org.openqa.selenium.support.pagefactory.DefaultElementLocator.findElement(DefaultElementLocator.java:70)
at org.openqa.selenium.support.pagefactory.internal.LocatingElementHandler.invoke(LocatingElementHandler.java:39)
at jdk.proxy2/jdk.proxy2.$Proxy21.isDisplayed(Unknown Source)
at com.iselect.pages.GlobalHomePage.verifyCarLoansFinanceButton(GlobalHomePage.java:1158)
at com.iselect.tests.GlobalHomePageTest.testCarLoansFinanceButtonHover(GlobalHomePageTest.java:85)
at java.base/jdk.internal.reflect.NativeMethodAccessorImpl.invoke0(Native Method)
at java.base/jdk.internal.reflect.NativeMethodAccessorImpl.invoke(NativeMethodAccessorImpl.java:77)
at java.base/jdk.internal.reflect.DelegatingMethodAccessorImpl.invoke(DelegatingMethodAccessorImpl.java:43)
at java.base/java.lang.reflect.Method.invoke(Method.java:568)
at org.testng.internal.MethodInvocationHelper.invokeMethod(MethodInvocationHelper.java:133)
at org.testng.internal.TestInvoker.invokeMethod(TestInvoker.java:598)
at org.testng.internal.TestInvoker.invokeTestMethod(TestInvoker.java:173)
at org.testng.internal.MethodRunner.runInSequence(MethodRunner.java:46)
at org.testng.internal.TestInvoker$MethodInvocationAgent.invoke(TestInvoker.java:824)
at org.testng.internal.TestInvoker.invokeTestMethods(TestInvoker.java:146)
at org.testng.internal.TestMethodWorker.invokeTestMethods(TestMethodWorker.java:146)
at org.testng.internal.TestMethodWorker.run(TestMethodWorker.java:128)
at java.base/java.util.ArrayList.forEach(ArrayList.java:1511)
at org.testng.TestRunner.privateRun(TestRunner.java:794)
at org.testng.TestRunner.run(TestRunner.java:596)
at org.testng.SuiteRunner.runTest(SuiteRunner.java:377)
at org.testng.SuiteRunner.access$000(SuiteRunner.java:28)
at org.testng.SuiteRunner$SuiteWorker.run(SuiteRunner.java:418)
at org.testng.internal.thread.ThreadUtil.lambda$execute$0(ThreadUtil.java:64)
at java.base/java.util.concurrent.FutureTask.run(FutureTask.java:264)
at java.base/java.util.concurrent.ThreadPoolExecutor.runWorker(ThreadPoolExecutor.java:1136)
at java.base/java.util.concurrent.ThreadPoolExecutor$Worker.run(ThreadPoolExecutor.java:635)
at java.base/java.lang.Thread.run(Thread.java:833)
]]>
            </full-stacktrace>
          </exception> <!-- org.openqa.selenium.NoSuchElementException -->
          <reporter-output>
          </reporter-output>
        </test-method> <!-- testCarLoansFinanceButtonHover -->
        <test-method is-config="true" signature="endTest(org.testng.ITestResult,java.lang.reflect.Method)[pri:0, instance:com.iselect.tests.GlobalHomePageTest@f1da57d]" started-at="2021-12-20T16:32:09 IST" name="endTest" finished-at="2021-12-20T16:32:09 IST" duration-ms="277" status="PASS">
          <params>
            <param index="0">
              <value>
                <![CDATA[[TestResult name=testCarLoansFinanceButtonHover status=FAILURE method=GlobalHomePageTest.testCarLoansFinanceButtonHover()[pri:0, instance:com.iselect.tests.GlobalHomePageTest@f1da57d] output={null}]]]>
              </value>
            </param>
            <param index="1">
              <value>
                <![CDATA[public void com.iselect.tests.GlobalHomePageTest.testCarLoansFinanceButtonHover()]]>
              </value>
            </param>
          </params>
          <reporter-output>
          </reporter-output>
        </test-method> <!-- endTest -->
        <test-method is-config="true" signature="setup(java.lang.reflect.Method)[pri:0, instance:com.iselect.tests.GlobalHomePageTest@f1da57d]" started-at="2021-12-20T16:32:09 IST" name="setup" finished-at="2021-12-20T16:32:18 IST" duration-ms="8617" status="PASS">
          <params>
            <param index="0">
              <value>
                <![CDATA[public void com.iselect.tests.GlobalHomePageTest.testCareersLink()]]>
              </value>
            </param>
          </params>
          <reporter-output>
          </reporter-output>
        </test-method> <!-- setup -->
        <test-method signature="testCareersLink()[pri:0, instance:com.iselect.tests.GlobalHomePageTest@f1da57d]" started-at="2021-12-20T16:32:18 IST" name="testCareersLink" finished-at="2021-12-20T16:32:22 IST" duration-ms="3503" status="PASS">
          <reporter-output>
          </reporter-output>
        </test-method> <!-- testCareersLink -->
        <test-method is-config="true" signature="endTest(org.testng.ITestResult,java.lang.reflect.Method)[pri:0, instance:com.iselect.tests.GlobalHomePageTest@f1da57d]" started-at="2021-12-20T16:32:22 IST" name="endTest" finished-at="2021-12-20T16:32:22 IST" duration-ms="114" status="PASS">
          <params>
            <param index="0">
              <value>
                <![CDATA[[TestResult name=testCareersLink status=SUCCESS method=GlobalHomePageTest.testCareersLink()[pri:0, instance:com.iselect.tests.GlobalHomePageTest@f1da57d] output={null}]]]>
              </value>
            </param>
            <param index="1">
              <value>
                <![CDATA[public void com.iselect.tests.GlobalHomePageTest.testCareersLink()]]>
              </value>
            </param>
          </params>
          <reporter-output>
          </reporter-output>
        </test-method> <!-- endTest -->
        <test-method is-config="true" signature="setup(java.lang.reflect.Method)[pri:0, instance:com.iselect.tests.GlobalHomePageTest@f1da57d]" started-at="2021-12-20T16:32:22 IST" name="setup" finished-at="2021-12-20T16:32:30 IST" duration-ms="8222" status="PASS">
          <params>
            <param index="0">
              <value>
                <![CDATA[public void com.iselect.tests.GlobalHomePageTest.testClickCompareCarInsBtn()]]>
              </value>
            </param>
          </params>
          <reporter-output>
          </reporter-output>
        </test-method> <!-- setup -->
        <test-method signature="testClickCompareCarInsBtn()[pri:0, instance:com.iselect.tests.GlobalHomePageTest@f1da57d]" started-at="2021-12-20T16:32:30 IST" name="testClickCompareCarInsBtn" finished-at="2021-12-20T16:32:40 IST" duration-ms="9973" status="PASS">
          <reporter-output>
          </reporter-output>
        </test-method> <!-- testClickCompareCarInsBtn -->
        <test-method is-config="true" signature="endTest(org.testng.ITestResult,java.lang.reflect.Method)[pri:0, instance:com.iselect.tests.GlobalHomePageTest@f1da57d]" started-at="2021-12-20T16:32:40 IST" name="endTest" finished-at="2021-12-20T16:32:40 IST" duration-ms="103" status="PASS">
          <params>
            <param index="0">
              <value>
                <![CDATA[[TestResult name=testClickCompareCarInsBtn status=SUCCESS method=GlobalHomePageTest.testClickCompareCarInsBtn()[pri:0, instance:com.iselect.tests.GlobalHomePageTest@f1da57d] output={null}]]]>
              </value>
            </param>
            <param index="1">
              <value>
                <![CDATA[public void com.iselect.tests.GlobalHomePageTest.testClickCompareCarInsBtn()]]>
              </value>
            </param>
          </params>
          <reporter-output>
          </reporter-output>
        </test-method> <!-- endTest -->
        <test-method is-config="true" signature="setup(java.lang.reflect.Method)[pri:0, instance:com.iselect.tests.GlobalHomePageTest@f1da57d]" started-at="2021-12-20T16:32:40 IST" name="setup" finished-at="2021-12-20T16:32:48 IST" duration-ms="8400" status="PASS">
          <params>
            <param index="0">
              <value>
                <![CDATA[public void com.iselect.tests.GlobalHomePageTest.testClickIsIncomeProtectionInsuranceTaxDeductibleBtn()]]>
              </value>
            </param>
          </params>
          <reporter-output>
          </reporter-output>
        </test-method> <!-- setup -->
        <test-method signature="testClickIsIncomeProtectionInsuranceTaxDeductibleBtn()[pri:0, instance:com.iselect.tests.GlobalHomePageTest@f1da57d]" started-at="2021-12-20T16:32:48 IST" name="testClickIsIncomeProtectionInsuranceTaxDeductibleBtn" finished-at="2021-12-20T16:32:54 IST" duration-ms="5848" status="PASS">
          <reporter-output>
          </reporter-output>
        </test-method> <!-- testClickIsIncomeProtectionInsuranceTaxDeductibleBtn -->
        <test-method is-config="true" signature="endTest(org.testng.ITestResult,java.lang.reflect.Method)[pri:0, instance:com.iselect.tests.GlobalHomePageTest@f1da57d]" started-at="2021-12-20T16:32:54 IST" name="endTest" finished-at="2021-12-20T16:32:54 IST" duration-ms="90" status="PASS">
          <params>
            <param index="0">
              <value>
                <![CDATA[[TestResult name=testClickIsIncomeProtectionInsuranceTaxDeductibleBtn status=SUCCESS method=GlobalHomePageTest.testClickIsIncomeProtectionInsuranceTaxDeductibleBtn()[pri:0, instance:com.iselect.tests.GlobalHomePageTest@f1da57d] output={null}]]]>
              </value>
            </param>
            <param index="1">
              <value>
                <![CDATA[public void com.iselect.tests.GlobalHomePageTest.testClickIsIncomeProtectionInsuranceTaxDeductibleBtn()]]>
              </value>
            </param>
          </params>
          <reporter-output>
          </reporter-output>
        </test-method> <!-- endTest -->
        <test-method is-config="true" signature="setup(java.lang.reflect.Method)[pri:0, instance:com.iselect.tests.GlobalHomePageTest@f1da57d]" started-at="2021-12-20T16:32:54 IST" name="setup" finished-at="2021-12-20T16:33:03 IST" duration-ms="8676" status="PASS">
          <params>
            <param index="0">
              <value>
                <![CDATA[public void com.iselect.tests.GlobalHomePageTest.testClickOnAgreedVsMarketValueCarInsurance()]]>
              </value>
            </param>
          </params>
          <reporter-output>
          </reporter-output>
        </test-method> <!-- setup -->
        <test-method signature="testClickOnAgreedVsMarketValueCarInsurance()[pri:0, instance:com.iselect.tests.GlobalHomePageTest@f1da57d]" started-at="2021-12-20T16:33:03 IST" name="testClickOnAgreedVsMarketValueCarInsurance" finished-at="2021-12-20T16:33:11 IST" duration-ms="7602" status="PASS">
          <reporter-output>
          </reporter-output>
        </test-method> <!-- testClickOnAgreedVsMarketValueCarInsurance -->
        <test-method is-config="true" signature="endTest(org.testng.ITestResult,java.lang.reflect.Method)[pri:0, instance:com.iselect.tests.GlobalHomePageTest@f1da57d]" started-at="2021-12-20T16:33:11 IST" name="endTest" finished-at="2021-12-20T16:33:11 IST" duration-ms="139" status="PASS">
          <params>
            <param index="0">
              <value>
                <![CDATA[[TestResult name=testClickOnAgreedVsMarketValueCarInsurance status=SUCCESS method=GlobalHomePageTest.testClickOnAgreedVsMarketValueCarInsurance()[pri:0, instance:com.iselect.tests.GlobalHomePageTest@f1da57d] output={null}]]]>
              </value>
            </param>
            <param index="1">
              <value>
                <![CDATA[public void com.iselect.tests.GlobalHomePageTest.testClickOnAgreedVsMarketValueCarInsurance()]]>
              </value>
            </param>
          </params>
          <reporter-output>
          </reporter-output>
        </test-method> <!-- endTest -->
        <test-method is-config="true" signature="setup(java.lang.reflect.Method)[pri:0, instance:com.iselect.tests.GlobalHomePageTest@f1da57d]" started-at="2021-12-20T16:33:11 IST" name="setup" finished-at="2021-12-20T16:33:19 IST" duration-ms="8385" status="PASS">
          <params>
            <param index="0">
              <value>
                <![CDATA[public void com.iselect.tests.GlobalHomePageTest.testClickOnBenefitsOfSolarEnergy()]]>
              </value>
            </param>
          </params>
          <reporter-output>
          </reporter-output>
        </test-method> <!-- setup -->
        <test-method signature="testClickOnBenefitsOfSolarEnergy()[pri:0, instance:com.iselect.tests.GlobalHomePageTest@f1da57d]" started-at="2021-12-20T16:33:19 IST" name="testClickOnBenefitsOfSolarEnergy" finished-at="2021-12-20T16:33:25 IST" duration-ms="6082" status="PASS">
          <reporter-output>
          </reporter-output>
        </test-method> <!-- testClickOnBenefitsOfSolarEnergy -->
        <test-method is-config="true" signature="endTest(org.testng.ITestResult,java.lang.reflect.Method)[pri:0, instance:com.iselect.tests.GlobalHomePageTest@f1da57d]" started-at="2021-12-20T16:33:25 IST" name="endTest" finished-at="2021-12-20T16:33:25 IST" duration-ms="89" status="PASS">
          <params>
            <param index="0">
              <value>
                <![CDATA[[TestResult name=testClickOnBenefitsOfSolarEnergy status=SUCCESS method=GlobalHomePageTest.testClickOnBenefitsOfSolarEnergy()[pri:0, instance:com.iselect.tests.GlobalHomePageTest@f1da57d] output={null}]]]>
              </value>
            </param>
            <param index="1">
              <value>
                <![CDATA[public void com.iselect.tests.GlobalHomePageTest.testClickOnBenefitsOfSolarEnergy()]]>
              </value>
            </param>
          </params>
          <reporter-output>
          </reporter-output>
        </test-method> <!-- endTest -->
        <test-method is-config="true" signature="setup(java.lang.reflect.Method)[pri:0, instance:com.iselect.tests.GlobalHomePageTest@f1da57d]" started-at="2021-12-20T16:33:25 IST" name="setup" finished-at="2021-12-20T16:33:34 IST" duration-ms="8212" status="PASS">
          <params>
            <param index="0">
              <value>
                <![CDATA[public void com.iselect.tests.GlobalHomePageTest.testClickOnBestIncomeProtectionCover()]]>
              </value>
            </param>
          </params>
          <reporter-output>
          </reporter-output>
        </test-method> <!-- setup -->
        <test-method signature="testClickOnBestIncomeProtectionCover()[pri:0, instance:com.iselect.tests.GlobalHomePageTest@f1da57d]" started-at="2021-12-20T16:33:34 IST" name="testClickOnBestIncomeProtectionCover" finished-at="2021-12-20T16:33:39 IST" duration-ms="5844" status="PASS">
          <reporter-output>
          </reporter-output>
        </test-method> <!-- testClickOnBestIncomeProtectionCover -->
        <test-method is-config="true" signature="endTest(org.testng.ITestResult,java.lang.reflect.Method)[pri:0, instance:com.iselect.tests.GlobalHomePageTest@f1da57d]" started-at="2021-12-20T16:33:39 IST" name="endTest" finished-at="2021-12-20T16:33:39 IST" duration-ms="105" status="PASS">
          <params>
            <param index="0">
              <value>
                <![CDATA[[TestResult name=testClickOnBestIncomeProtectionCover status=SUCCESS method=GlobalHomePageTest.testClickOnBestIncomeProtectionCover()[pri:0, instance:com.iselect.tests.GlobalHomePageTest@f1da57d] output={null}]]]>
              </value>
            </param>
            <param index="1">
              <value>
                <![CDATA[public void com.iselect.tests.GlobalHomePageTest.testClickOnBestIncomeProtectionCover()]]>
              </value>
            </param>
          </params>
          <reporter-output>
          </reporter-output>
        </test-method> <!-- endTest -->
        <test-method is-config="true" signature="setup(java.lang.reflect.Method)[pri:0, instance:com.iselect.tests.GlobalHomePageTest@f1da57d]" started-at="2021-12-20T16:33:39 IST" name="setup" finished-at="2021-12-20T16:33:49 IST" duration-ms="9072" status="PASS">
          <params>
            <param index="0">
              <value>
                <![CDATA[public void com.iselect.tests.GlobalHomePageTest.testClickOnBusinessOverdraft()]]>
              </value>
            </param>
          </params>
          <reporter-output>
          </reporter-output>
        </test-method> <!-- setup -->
        <test-method signature="testClickOnBusinessOverdraft()[pri:0, instance:com.iselect.tests.GlobalHomePageTest@f1da57d]" started-at="2021-12-20T16:33:49 IST" name="testClickOnBusinessOverdraft" finished-at="2021-12-20T16:33:54 IST" duration-ms="5940" status="PASS">
          <reporter-output>
          </reporter-output>
        </test-method> <!-- testClickOnBusinessOverdraft -->
        <test-method is-config="true" signature="endTest(org.testng.ITestResult,java.lang.reflect.Method)[pri:0, instance:com.iselect.tests.GlobalHomePageTest@f1da57d]" started-at="2021-12-20T16:33:54 IST" name="endTest" finished-at="2021-12-20T16:33:55 IST" duration-ms="104" status="PASS">
          <params>
            <param index="0">
              <value>
                <![CDATA[[TestResult name=testClickOnBusinessOverdraft status=SUCCESS method=GlobalHomePageTest.testClickOnBusinessOverdraft()[pri:0, instance:com.iselect.tests.GlobalHomePageTest@f1da57d] output={null}]]]>
              </value>
            </param>
            <param index="1">
              <value>
                <![CDATA[public void com.iselect.tests.GlobalHomePageTest.testClickOnBusinessOverdraft()]]>
              </value>
            </param>
          </params>
          <reporter-output>
          </reporter-output>
        </test-method> <!-- endTest -->
        <test-method is-config="true" signature="setup(java.lang.reflect.Method)[pri:0, instance:com.iselect.tests.GlobalHomePageTest@f1da57d]" started-at="2021-12-20T16:33:55 IST" name="setup" finished-at="2021-12-20T16:34:03 IST" duration-ms="8287" status="PASS">
          <params>
            <param index="0">
              <value>
                <![CDATA[public void com.iselect.tests.GlobalHomePageTest.testClickOnChattelMortgage()]]>
              </value>
            </param>
          </params>
          <reporter-output>
          </reporter-output>
        </test-method> <!-- setup -->
        <test-method signature="testClickOnChattelMortgage()[pri:0, instance:com.iselect.tests.GlobalHomePageTest@f1da57d]" started-at="2021-12-20T16:34:03 IST" name="testClickOnChattelMortgage" finished-at="2021-12-20T16:34:09 IST" duration-ms="5925" status="PASS">
          <reporter-output>
          </reporter-output>
        </test-method> <!-- testClickOnChattelMortgage -->
        <test-method is-config="true" signature="endTest(org.testng.ITestResult,java.lang.reflect.Method)[pri:0, instance:com.iselect.tests.GlobalHomePageTest@f1da57d]" started-at="2021-12-20T16:34:09 IST" name="endTest" finished-at="2021-12-20T16:34:09 IST" duration-ms="84" status="PASS">
          <params>
            <param index="0">
              <value>
                <![CDATA[[TestResult name=testClickOnChattelMortgage status=SUCCESS method=GlobalHomePageTest.testClickOnChattelMortgage()[pri:0, instance:com.iselect.tests.GlobalHomePageTest@f1da57d] output={null}]]]>
              </value>
            </param>
            <param index="1">
              <value>
                <![CDATA[public void com.iselect.tests.GlobalHomePageTest.testClickOnChattelMortgage()]]>
              </value>
            </param>
          </params>
          <reporter-output>
          </reporter-output>
        </test-method> <!-- endTest -->
        <test-method is-config="true" signature="setup(java.lang.reflect.Method)[pri:0, instance:com.iselect.tests.GlobalHomePageTest@f1da57d]" started-at="2021-12-20T16:34:09 IST" name="setup" finished-at="2021-12-20T16:34:17 IST" duration-ms="8338" status="PASS">
          <params>
            <param index="0">
              <value>
                <![CDATA[public void com.iselect.tests.GlobalHomePageTest.testClickOnCompareIncomeProtectionButton()]]>
              </value>
            </param>
          </params>
          <reporter-output>
          </reporter-output>
        </test-method> <!-- setup -->
        <test-method signature="testClickOnCompareIncomeProtectionButton()[pri:0, instance:com.iselect.tests.GlobalHomePageTest@f1da57d]" started-at="2021-12-20T16:34:17 IST" name="testClickOnCompareIncomeProtectionButton" finished-at="2021-12-20T16:34:27 IST" duration-ms="9555" status="PASS">
          <reporter-output>
          </reporter-output>
        </test-method> <!-- testClickOnCompareIncomeProtectionButton -->
        <test-method is-config="true" signature="endTest(org.testng.ITestResult,java.lang.reflect.Method)[pri:0, instance:com.iselect.tests.GlobalHomePageTest@f1da57d]" started-at="2021-12-20T16:34:27 IST" name="endTest" finished-at="2021-12-20T16:34:27 IST" duration-ms="86" status="PASS">
          <params>
            <param index="0">
              <value>
                <![CDATA[[TestResult name=testClickOnCompareIncomeProtectionButton status=SUCCESS method=GlobalHomePageTest.testClickOnCompareIncomeProtectionButton()[pri:0, instance:com.iselect.tests.GlobalHomePageTest@f1da57d] output={null}]]]>
              </value>
            </param>
            <param index="1">
              <value>
                <![CDATA[public void com.iselect.tests.GlobalHomePageTest.testClickOnCompareIncomeProtectionButton()]]>
              </value>
            </param>
          </params>
          <reporter-output>
          </reporter-output>
        </test-method> <!-- endTest -->
        <test-method is-config="true" signature="setup(java.lang.reflect.Method)[pri:0, instance:com.iselect.tests.GlobalHomePageTest@f1da57d]" started-at="2021-12-20T16:34:27 IST" name="setup" finished-at="2021-12-20T16:34:35 IST" duration-ms="8350" status="PASS">
          <params>
            <param index="0">
              <value>
                <![CDATA[public void com.iselect.tests.GlobalHomePageTest.testClickOnFindHomeAndContentsbutton()]]>
              </value>
            </param>
          </params>
          <reporter-output>
          </reporter-output>
        </test-method> <!-- setup -->
        <test-method signature="testClickOnFindHomeAndContentsbutton()[pri:0, instance:com.iselect.tests.GlobalHomePageTest@f1da57d]" started-at="2021-12-20T16:34:35 IST" name="testClickOnFindHomeAndContentsbutton" finished-at="2021-12-20T16:34:46 IST" duration-ms="10583" status="PASS">
          <reporter-output>
          </reporter-output>
        </test-method> <!-- testClickOnFindHomeAndContentsbutton -->
        <test-method is-config="true" signature="endTest(org.testng.ITestResult,java.lang.reflect.Method)[pri:0, instance:com.iselect.tests.GlobalHomePageTest@f1da57d]" started-at="2021-12-20T16:34:46 IST" name="endTest" finished-at="2021-12-20T16:34:46 IST" duration-ms="87" status="PASS">
          <params>
            <param index="0">
              <value>
                <![CDATA[[TestResult name=testClickOnFindHomeAndContentsbutton status=SUCCESS method=GlobalHomePageTest.testClickOnFindHomeAndContentsbutton()[pri:0, instance:com.iselect.tests.GlobalHomePageTest@f1da57d] output={null}]]]>
              </value>
            </param>
            <param index="1">
              <value>
                <![CDATA[public void com.iselect.tests.GlobalHomePageTest.testClickOnFindHomeAndContentsbutton()]]>
              </value>
            </param>
          </params>
          <reporter-output>
          </reporter-output>
        </test-method> <!-- endTest -->
        <test-method is-config="true" signature="setup(java.lang.reflect.Method)[pri:0, instance:com.iselect.tests.GlobalHomePageTest@f1da57d]" started-at="2021-12-20T16:34:46 IST" name="setup" finished-at="2021-12-20T16:34:54 IST" duration-ms="8286" status="PASS">
          <params>
            <param index="0">
              <value>
                <![CDATA[public void com.iselect.tests.GlobalHomePageTest.testClickOnFindingBestCarInsurance()]]>
              </value>
            </param>
          </params>
          <reporter-output>
          </reporter-output>
        </test-method> <!-- setup -->
        <test-method signature="testClickOnFindingBestCarInsurance()[pri:0, instance:com.iselect.tests.GlobalHomePageTest@f1da57d]" started-at="2021-12-20T16:34:54 IST" name="testClickOnFindingBestCarInsurance" finished-at="2021-12-20T16:35:01 IST" duration-ms="6657" status="PASS">
          <reporter-output>
          </reporter-output>
        </test-method> <!-- testClickOnFindingBestCarInsurance -->
        <test-method is-config="true" signature="endTest(org.testng.ITestResult,java.lang.reflect.Method)[pri:0, instance:com.iselect.tests.GlobalHomePageTest@f1da57d]" started-at="2021-12-20T16:35:01 IST" name="endTest" finished-at="2021-12-20T16:35:01 IST" duration-ms="73" status="PASS">
          <params>
            <param index="0">
              <value>
                <![CDATA[[TestResult name=testClickOnFindingBestCarInsurance status=SUCCESS method=GlobalHomePageTest.testClickOnFindingBestCarInsurance()[pri:0, instance:com.iselect.tests.GlobalHomePageTest@f1da57d] output={null}]]]>
              </value>
            </param>
            <param index="1">
              <value>
                <![CDATA[public void com.iselect.tests.GlobalHomePageTest.testClickOnFindingBestCarInsurance()]]>
              </value>
            </param>
          </params>
          <reporter-output>
          </reporter-output>
        </test-method> <!-- endTest -->
        <test-method is-config="true" signature="setup(java.lang.reflect.Method)[pri:0, instance:com.iselect.tests.GlobalHomePageTest@f1da57d]" started-at="2021-12-20T16:35:01 IST" name="setup" finished-at="2021-12-20T16:35:09 IST" duration-ms="7844" status="PASS">
          <params>
            <param index="0">
              <value>
                <![CDATA[public void com.iselect.tests.GlobalHomePageTest.testClickOnHowDoEnergyDiscountsWork()]]>
              </value>
            </param>
          </params>
          <reporter-output>
          </reporter-output>
        </test-method> <!-- setup -->
        <test-method signature="testClickOnHowDoEnergyDiscountsWork()[pri:0, instance:com.iselect.tests.GlobalHomePageTest@f1da57d]" started-at="2021-12-20T16:35:09 IST" name="testClickOnHowDoEnergyDiscountsWork" finished-at="2021-12-20T16:35:15 IST" duration-ms="6031" status="PASS">
          <reporter-output>
          </reporter-output>
        </test-method> <!-- testClickOnHowDoEnergyDiscountsWork -->
        <test-method is-config="true" signature="endTest(org.testng.ITestResult,java.lang.reflect.Method)[pri:0, instance:com.iselect.tests.GlobalHomePageTest@f1da57d]" started-at="2021-12-20T16:35:15 IST" name="endTest" finished-at="2021-12-20T16:35:15 IST" duration-ms="92" status="PASS">
          <params>
            <param index="0">
              <value>
                <![CDATA[[TestResult name=testClickOnHowDoEnergyDiscountsWork status=SUCCESS method=GlobalHomePageTest.testClickOnHowDoEnergyDiscountsWork()[pri:0, instance:com.iselect.tests.GlobalHomePageTest@f1da57d] output={null}]]]>
              </value>
            </param>
            <param index="1">
              <value>
                <![CDATA[public void com.iselect.tests.GlobalHomePageTest.testClickOnHowDoEnergyDiscountsWork()]]>
              </value>
            </param>
          </params>
          <reporter-output>
          </reporter-output>
        </test-method> <!-- endTest -->
        <test-method is-config="true" signature="setup(java.lang.reflect.Method)[pri:0, instance:com.iselect.tests.GlobalHomePageTest@f1da57d]" started-at="2021-12-20T16:35:15 IST" name="setup" finished-at="2021-12-20T16:35:23 IST" duration-ms="8233" status="PASS">
          <params>
            <param index="0">
              <value>
                <![CDATA[public void com.iselect.tests.GlobalHomePageTest.testClickOnHowToHandleHighElecBill()]]>
              </value>
            </param>
          </params>
          <reporter-output>
          </reporter-output>
        </test-method> <!-- setup -->
        <test-method signature="testClickOnHowToHandleHighElecBill()[pri:0, instance:com.iselect.tests.GlobalHomePageTest@f1da57d]" started-at="2021-12-20T16:35:23 IST" name="testClickOnHowToHandleHighElecBill" finished-at="2021-12-20T16:35:29 IST" duration-ms="6063" status="PASS">
          <reporter-output>
          </reporter-output>
        </test-method> <!-- testClickOnHowToHandleHighElecBill -->
        <test-method is-config="true" signature="endTest(org.testng.ITestResult,java.lang.reflect.Method)[pri:0, instance:com.iselect.tests.GlobalHomePageTest@f1da57d]" started-at="2021-12-20T16:35:29 IST" name="endTest" finished-at="2021-12-20T16:35:29 IST" duration-ms="88" status="PASS">
          <params>
            <param index="0">
              <value>
                <![CDATA[[TestResult name=testClickOnHowToHandleHighElecBill status=SUCCESS method=GlobalHomePageTest.testClickOnHowToHandleHighElecBill()[pri:0, instance:com.iselect.tests.GlobalHomePageTest@f1da57d] output={null}]]]>
              </value>
            </param>
            <param index="1">
              <value>
                <![CDATA[public void com.iselect.tests.GlobalHomePageTest.testClickOnHowToHandleHighElecBill()]]>
              </value>
            </param>
          </params>
          <reporter-output>
          </reporter-output>
        </test-method> <!-- endTest -->
        <test-method is-config="true" signature="setup(java.lang.reflect.Method)[pri:0, instance:com.iselect.tests.GlobalHomePageTest@f1da57d]" started-at="2021-12-20T16:35:29 IST" name="setup" finished-at="2021-12-20T16:35:38 IST" duration-ms="8424" status="PASS">
          <params>
            <param index="0">
              <value>
                <![CDATA[public void com.iselect.tests.GlobalHomePageTest.testClickOnSecuredBusinessLoans()]]>
              </value>
            </param>
          </params>
          <reporter-output>
          </reporter-output>
        </test-method> <!-- setup -->
        <test-method signature="testClickOnSecuredBusinessLoans()[pri:0, instance:com.iselect.tests.GlobalHomePageTest@f1da57d]" started-at="2021-12-20T16:35:38 IST" name="testClickOnSecuredBusinessLoans" finished-at="2021-12-20T16:35:44 IST" duration-ms="5896" status="PASS">
          <reporter-output>
          </reporter-output>
        </test-method> <!-- testClickOnSecuredBusinessLoans -->
        <test-method is-config="true" signature="endTest(org.testng.ITestResult,java.lang.reflect.Method)[pri:0, instance:com.iselect.tests.GlobalHomePageTest@f1da57d]" started-at="2021-12-20T16:35:44 IST" name="endTest" finished-at="2021-12-20T16:35:44 IST" duration-ms="106" status="PASS">
          <params>
            <param index="0">
              <value>
                <![CDATA[[TestResult name=testClickOnSecuredBusinessLoans status=SUCCESS method=GlobalHomePageTest.testClickOnSecuredBusinessLoans()[pri:0, instance:com.iselect.tests.GlobalHomePageTest@f1da57d] output={null}]]]>
              </value>
            </param>
            <param index="1">
              <value>
                <![CDATA[public void com.iselect.tests.GlobalHomePageTest.testClickOnSecuredBusinessLoans()]]>
              </value>
            </param>
          </params>
          <reporter-output>
          </reporter-output>
        </test-method> <!-- endTest -->
        <test-method is-config="true" signature="setup(java.lang.reflect.Method)[pri:0, instance:com.iselect.tests.GlobalHomePageTest@f1da57d]" started-at="2021-12-20T16:35:44 IST" name="setup" finished-at="2021-12-20T16:35:52 IST" duration-ms="8022" status="PASS">
          <params>
            <param index="0">
              <value>
                <![CDATA[public void com.iselect.tests.GlobalHomePageTest.testClickOnUnSecuredBusinessLoans()]]>
              </value>
            </param>
          </params>
          <reporter-output>
          </reporter-output>
        </test-method> <!-- setup -->
        <test-method signature="testClickOnUnSecuredBusinessLoans()[pri:0, instance:com.iselect.tests.GlobalHomePageTest@f1da57d]" started-at="2021-12-20T16:35:52 IST" name="testClickOnUnSecuredBusinessLoans" finished-at="2021-12-20T16:35:58 IST" duration-ms="5903" status="PASS">
          <reporter-output>
          </reporter-output>
        </test-method> <!-- testClickOnUnSecuredBusinessLoans -->
[...]
          </reporter-output>
        </test-method> <!-- setup -->
        <test-method signature="testclickOnWirelessInternetPlansBtn()[pri:0, instance:com.iselect.tests.GlobalHomePageTest@f1da57d]" started-at="2021-12-20T17:40:50 IST" name="testclickOnWirelessInternetPlansBtn" finished-at="2021-12-20T17:40:58 IST" duration-ms="7705" status="PASS">
          <reporter-output>
          </reporter-output>
        </test-method> <!-- testclickOnWirelessInternetPlansBtn -->
        <test-method is-config="true" signature="endTest(org.testng.ITestResult,java.lang.reflect.Method)[pri:0, instance:com.iselect.tests.GlobalHomePageTest@f1da57d]" started-at="2021-12-20T17:40:58 IST" name="endTest" finished-at="2021-12-20T17:40:58 IST" duration-ms="103" status="PASS">
          <params>
            <param index="0">
              <value>
                <![CDATA[[TestResult name=testclickOnWirelessInternetPlansBtn status=SUCCESS method=GlobalHomePageTest.testclickOnWirelessInternetPlansBtn()[pri:0, instance:com.iselect.tests.GlobalHomePageTest@f1da57d] output={null}]]]>
              </value>
            </param>
            <param index="1">
              <value>
                <![CDATA[public void com.iselect.tests.GlobalHomePageTest.testclickOnWirelessInternetPlansBtn()]]>
              </value>
            </param>
          </params>
          <reporter-output>
          </reporter-output>
        </test-method> <!-- endTest -->
        <test-method is-config="true" signature="setup(java.lang.reflect.Method)[pri:0, instance:com.iselect.tests.GlobalHomePageTest@f1da57d]" started-at="2021-12-20T17:40:58 IST" name="setup" finished-at="2021-12-20T17:41:06 IST" duration-ms="8199" status="PASS">
          <params>
            <param index="0">
              <value>
                <![CDATA[public void com.iselect.tests.GlobalHomePageTest.testclickOnmobileBroadbandBtn()]]>
              </value>
            </param>
          </params>
          <reporter-output>
          </reporter-output>
        </test-method> <!-- setup -->
        <test-method signature="testclickOnmobileBroadbandBtn()[pri:0, instance:com.iselect.tests.GlobalHomePageTest@f1da57d]" started-at="2021-12-20T17:41:06 IST" name="testclickOnmobileBroadbandBtn" finished-at="2021-12-20T17:41:15 IST" duration-ms="8552" status="PASS">
          <reporter-output>
          </reporter-output>
        </test-method> <!-- testclickOnmobileBroadbandBtn -->
        <test-method is-config="true" signature="endTest(org.testng.ITestResult,java.lang.reflect.Method)[pri:0, instance:com.iselect.tests.GlobalHomePageTest@f1da57d]" started-at="2021-12-20T17:41:15 IST" name="endTest" finished-at="2021-12-20T17:41:15 IST" duration-ms="105" status="PASS">
          <params>
            <param index="0">
              <value>
                <![CDATA[[TestResult name=testclickOnmobileBroadbandBtn status=SUCCESS method=GlobalHomePageTest.testclickOnmobileBroadbandBtn()[pri:0, instance:com.iselect.tests.GlobalHomePageTest@f1da57d] output={null}]]]>
              </value>
            </param>
            <param index="1">
              <value>
                <![CDATA[public void com.iselect.tests.GlobalHomePageTest.testclickOnmobileBroadbandBtn()]]>
              </value>
            </param>
          </params>
          <reporter-output>
          </reporter-output>
        </test-method> <!-- endTest -->
        <test-method is-config="true" signature="setup(java.lang.reflect.Method)[pri:0, instance:com.iselect.tests.GlobalHomePageTest@f1da57d]" started-at="2021-12-20T17:41:15 IST" name="setup" finished-at="2021-12-20T17:41:23 IST" duration-ms="8319" status="PASS">
          <params>
            <param index="0">
              <value>
                <![CDATA[public void com.iselect.tests.GlobalHomePageTest.testclickOnwhatIsCatInsurance()]]>
              </value>
            </param>
          </params>
          <reporter-output>
          </reporter-output>
        </test-method> <!-- setup -->
        <test-method signature="testclickOnwhatIsCatInsurance()[pri:0, instance:com.iselect.tests.GlobalHomePageTest@f1da57d]" started-at="2021-12-20T17:41:23 IST" name="testclickOnwhatIsCatInsurance" finished-at="2021-12-20T17:41:29 IST" duration-ms="5618" status="PASS">
          <reporter-output>
          </reporter-output>
        </test-method> <!-- testclickOnwhatIsCatInsurance -->
        <test-method is-config="true" signature="endTest(org.testng.ITestResult,java.lang.reflect.Method)[pri:0, instance:com.iselect.tests.GlobalHomePageTest@f1da57d]" started-at="2021-12-20T17:41:29 IST" name="endTest" finished-at="2021-12-20T17:41:29 IST" duration-ms="74" status="PASS">
          <params>
            <param index="0">
              <value>
                <![CDATA[[TestResult name=testclickOnwhatIsCatInsurance status=SUCCESS method=GlobalHomePageTest.testclickOnwhatIsCatInsurance()[pri:0, instance:com.iselect.tests.GlobalHomePageTest@f1da57d] output={null}]]]>
              </value>
            </param>
            <param index="1">
              <value>
                <![CDATA[public void com.iselect.tests.GlobalHomePageTest.testclickOnwhatIsCatInsurance()]]>
              </value>
            </param>
          </params>
          <reporter-output>
          </reporter-output>
        </test-method> <!-- endTest -->
        <test-method is-config="true" signature="setup(java.lang.reflect.Method)[pri:0, instance:com.iselect.tests.GlobalHomePageTest@f1da57d]" started-at="2021-12-20T17:41:29 IST" name="setup" finished-at="2021-12-20T17:41:37 IST" duration-ms="8413" status="PASS">
          <params>
            <param index="0">
              <value>
                <![CDATA[public void com.iselect.tests.GlobalHomePageTest.testclickPropertyInvestmentbtn()]]>
              </value>
            </param>
          </params>
          <reporter-output>
          </reporter-output>
        </test-method> <!-- setup -->
        <test-method signature="testclickPropertyInvestmentbtn()[pri:0, instance:com.iselect.tests.GlobalHomePageTest@f1da57d]" started-at="2021-12-20T17:41:37 IST" name="testclickPropertyInvestmentbtn" finished-at="2021-12-20T17:41:43 IST" duration-ms="5929" status="PASS">
          <reporter-output>
          </reporter-output>
        </test-method> <!-- testclickPropertyInvestmentbtn -->
        <test-method is-config="true" signature="endTest(org.testng.ITestResult,java.lang.reflect.Method)[pri:0, instance:com.iselect.tests.GlobalHomePageTest@f1da57d]" started-at="2021-12-20T17:41:43 IST" name="endTest" finished-at="2021-12-20T17:41:43 IST" duration-ms="108" status="PASS">
          <params>
            <param index="0">
              <value>
                <![CDATA[[TestResult name=testclickPropertyInvestmentbtn status=SUCCESS method=GlobalHomePageTest.testclickPropertyInvestmentbtn()[pri:0, instance:com.iselect.tests.GlobalHomePageTest@f1da57d] output={null}]]]>
              </value>
            </param>
            <param index="1">
              <value>
                <![CDATA[public void com.iselect.tests.GlobalHomePageTest.testclickPropertyInvestmentbtn()]]>
              </value>
            </param>
          </params>
          <reporter-output>
          </reporter-output>
        </test-method> <!-- endTest -->
        <test-method is-config="true" signature="setup(java.lang.reflect.Method)[pri:0, instance:com.iselect.tests.GlobalHomePageTest@f1da57d]" started-at="2021-12-20T17:41:43 IST" name="setup" finished-at="2021-12-20T17:41:51 IST" duration-ms="7682" status="PASS">
          <params>
            <param index="0">
              <value>
                <![CDATA[public void com.iselect.tests.GlobalHomePageTest.testclickShouldIUseMortagageBrokerbtn()]]>
              </value>
            </param>
          </params>
          <reporter-output>
          </reporter-output>
        </test-method> <!-- setup -->
        <test-method signature="testclickShouldIUseMortagageBrokerbtn()[pri:0, instance:com.iselect.tests.GlobalHomePageTest@f1da57d]" started-at="2021-12-20T17:41:51 IST" name="testclickShouldIUseMortagageBrokerbtn" finished-at="2021-12-20T17:41:57 IST" duration-ms="5893" status="PASS">
          <reporter-output>
          </reporter-output>
        </test-method> <!-- testclickShouldIUseMortagageBrokerbtn -->
        <test-method is-config="true" signature="endTest(org.testng.ITestResult,java.lang.reflect.Method)[pri:0, instance:com.iselect.tests.GlobalHomePageTest@f1da57d]" started-at="2021-12-20T17:41:57 IST" name="endTest" finished-at="2021-12-20T17:41:57 IST" duration-ms="107" status="PASS">
          <params>
            <param index="0">
              <value>
                <![CDATA[[TestResult name=testclickShouldIUseMortagageBrokerbtn status=SUCCESS method=GlobalHomePageTest.testclickShouldIUseMortagageBrokerbtn()[pri:0, instance:com.iselect.tests.GlobalHomePageTest@f1da57d] output={null}]]]>
              </value>
            </param>
            <param index="1">
              <value>
                <![CDATA[public void com.iselect.tests.GlobalHomePageTest.testclickShouldIUseMortagageBrokerbtn()]]>
              </value>
            </param>
          </params>
          <reporter-output>
          </reporter-output>
        </test-method> <!-- endTest -->
        <test-method is-config="true" signature="setup(java.lang.reflect.Method)[pri:0, instance:com.iselect.tests.GlobalHomePageTest@f1da57d]" started-at="2021-12-20T17:41:57 IST" name="setup" finished-at="2021-12-20T17:42:05 IST" duration-ms="8039" status="PASS">
          <params>
            <param index="0">
              <value>
                <![CDATA[public void com.iselect.tests.GlobalHomePageTest.testclickStampDutyCalcBtn()]]>
              </value>
            </param>
          </params>
          <reporter-output>
          </reporter-output>
        </test-method> <!-- setup -->
        <test-method signature="testclickStampDutyCalcBtn()[pri:0, instance:com.iselect.tests.GlobalHomePageTest@f1da57d]" started-at="2021-12-20T17:42:05 IST" name="testclickStampDutyCalcBtn" finished-at="2021-12-20T17:42:14 IST" duration-ms="9022" status="PASS">
          <reporter-output>
          </reporter-output>
        </test-method> <!-- testclickStampDutyCalcBtn -->
        <test-method is-config="true" signature="endTest(org.testng.ITestResult,java.lang.reflect.Method)[pri:0, instance:com.iselect.tests.GlobalHomePageTest@f1da57d]" started-at="2021-12-20T17:42:14 IST" name="endTest" finished-at="2021-12-20T17:42:14 IST" duration-ms="88" status="PASS">
          <params>
            <param index="0">
              <value>
                <![CDATA[[TestResult name=testclickStampDutyCalcBtn status=SUCCESS method=GlobalHomePageTest.testclickStampDutyCalcBtn()[pri:0, instance:com.iselect.tests.GlobalHomePageTest@f1da57d] output={null}]]]>
              </value>
            </param>
            <param index="1">
              <value>
                <![CDATA[public void com.iselect.tests.GlobalHomePageTest.testclickStampDutyCalcBtn()]]>
              </value>
            </param>
          </params>
          <reporter-output>
          </reporter-output>
        </test-method> <!-- endTest -->
        <test-method is-config="true" signature="setup(java.lang.reflect.Method)[pri:0, instance:com.iselect.tests.GlobalHomePageTest@f1da57d]" started-at="2021-12-20T17:42:14 IST" name="setup" finished-at="2021-12-20T17:42:22 IST" duration-ms="7801" status="PASS">
          <params>
            <param index="0">
              <value>
                <![CDATA[public void com.iselect.tests.GlobalHomePageTest.testclickTermsAndConditions()]]>
              </value>
            </param>
          </params>
          <reporter-output>
          </reporter-output>
        </test-method> <!-- setup -->
        <test-method signature="testclickTermsAndConditions()[pri:0, instance:com.iselect.tests.GlobalHomePageTest@f1da57d]" started-at="2021-12-20T17:42:22 IST" name="testclickTermsAndConditions" finished-at="2021-12-20T17:42:25 IST" duration-ms="2991" status="PASS">
          <reporter-output>
          </reporter-output>
        </test-method> <!-- testclickTermsAndConditions -->
        <test-method is-config="true" signature="endTest(org.testng.ITestResult,java.lang.reflect.Method)[pri:0, instance:com.iselect.tests.GlobalHomePageTest@f1da57d]" started-at="2021-12-20T17:42:25 IST" name="endTest" finished-at="2021-12-20T17:42:25 IST" duration-ms="64" status="PASS">
          <params>
            <param index="0">
              <value>
                <![CDATA[[TestResult name=testclickTermsAndConditions status=SUCCESS method=GlobalHomePageTest.testclickTermsAndConditions()[pri:0, instance:com.iselect.tests.GlobalHomePageTest@f1da57d] output={null}]]]>
              </value>
            </param>
            <param index="1">
              <value>
                <![CDATA[public void com.iselect.tests.GlobalHomePageTest.testclickTermsAndConditions()]]>
              </value>
            </param>
          </params>
          <reporter-output>
          </reporter-output>
        </test-method> <!-- endTest -->
        <test-method is-config="true" signature="setup(java.lang.reflect.Method)[pri:0, instance:com.iselect.tests.GlobalHomePageTest@f1da57d]" started-at="2021-12-20T17:42:25 IST" name="setup" finished-at="2021-12-20T17:42:33 IST" duration-ms="8349" status="PASS">
          <params>
            <param index="0">
              <value>
                <![CDATA[public void com.iselect.tests.GlobalHomePageTest.testclickVariableRateHomeLoansbtn()]]>
              </value>
            </param>
          </params>
          <reporter-output>
          </reporter-output>
        </test-method> <!-- setup -->
        <test-method signature="testclickVariableRateHomeLoansbtn()[pri:0, instance:com.iselect.tests.GlobalHomePageTest@f1da57d]" started-at="2021-12-20T17:42:33 IST" name="testclickVariableRateHomeLoansbtn" finished-at="2021-12-20T17:42:41 IST" duration-ms="7695" status="PASS">
          <reporter-output>
          </reporter-output>
        </test-method> <!-- testclickVariableRateHomeLoansbtn -->
        <test-method is-config="true" signature="endTest(org.testng.ITestResult,java.lang.reflect.Method)[pri:0, instance:com.iselect.tests.GlobalHomePageTest@f1da57d]" started-at="2021-12-20T17:42:41 IST" name="endTest" finished-at="2021-12-20T17:42:41 IST" duration-ms="88" status="PASS">
          <params>
            <param index="0">
              <value>
                <![CDATA[[TestResult name=testclickVariableRateHomeLoansbtn status=SUCCESS method=GlobalHomePageTest.testclickVariableRateHomeLoansbtn()[pri:0, instance:com.iselect.tests.GlobalHomePageTest@f1da57d] output={null}]]]>
              </value>
            </param>
            <param index="1">
              <value>
                <![CDATA[public void com.iselect.tests.GlobalHomePageTest.testclickVariableRateHomeLoansbtn()]]>
              </value>
            </param>
          </params>
          <reporter-output>
          </reporter-output>
        </test-method> <!-- endTest -->
        <test-method is-config="true" signature="setup(java.lang.reflect.Method)[pri:0, instance:com.iselect.tests.GlobalHomePageTest@f1da57d]" started-at="2021-12-20T17:42:41 IST" name="setup" finished-at="2021-12-20T17:42:49 IST" duration-ms="8402" status="PASS">
          <params>
            <param index="0">
              <value>
                <![CDATA[public void com.iselect.tests.GlobalHomePageTest.testfindASuitableLifeInsPolicyInLifeSection()]]>
              </value>
            </param>
          </params>
          <reporter-output>
          </reporter-output>
        </test-method> <!-- setup -->
        <test-method signature="testfindASuitableLifeInsPolicyInLifeSection()[pri:0, instance:com.iselect.tests.GlobalHomePageTest@f1da57d]" started-at="2021-12-20T17:42:49 IST" name="testfindASuitableLifeInsPolicyInLifeSection" finished-at="2021-12-20T17:42:55 IST" duration-ms="5880" status="PASS">
          <reporter-output>
          </reporter-output>
        </test-method> <!-- testfindASuitableLifeInsPolicyInLifeSection -->
        <test-method is-config="true" signature="endTest(org.testng.ITestResult,java.lang.reflect.Method)[pri:0, instance:com.iselect.tests.GlobalHomePageTest@f1da57d]" started-at="2021-12-20T17:42:55 IST" name="endTest" finished-at="2021-12-20T17:42:55 IST" duration-ms="106" status="PASS">
          <params>
            <param index="0">
              <value>
                <![CDATA[[TestResult name=testfindASuitableLifeInsPolicyInLifeSection status=SUCCESS method=GlobalHomePageTest.testfindASuitableLifeInsPolicyInLifeSection()[pri:0, instance:com.iselect.tests.GlobalHomePageTest@f1da57d] output={null}]]]>
              </value>
            </param>
            <param index="1">
              <value>
                <![CDATA[public void com.iselect.tests.GlobalHomePageTest.testfindASuitableLifeInsPolicyInLifeSection()]]>
              </value>
            </param>
          </params>
          <reporter-output>
          </reporter-output>
        </test-method> <!-- endTest -->
        <test-method is-config="true" signature="setup(java.lang.reflect.Method)[pri:0, instance:com.iselect.tests.GlobalHomePageTest@f1da57d]" started-at="2021-12-20T17:42:55 IST" name="setup" finished-at="2021-12-20T17:43:03 IST" duration-ms="8024" status="PASS">
          <params>
            <param index="0">
              <value>
                <![CDATA[public void com.iselect.tests.GlobalHomePageTest.testiSelectPartnerOfYearText()]]>
              </value>
            </param>
          </params>
          <reporter-output>
          </reporter-output>
        </test-method> <!-- setup -->
        <test-method signature="testiSelectPartnerOfYearText()[pri:0, instance:com.iselect.tests.GlobalHomePageTest@f1da57d]" started-at="2021-12-20T17:43:03 IST" name="testiSelectPartnerOfYearText" finished-at="2021-12-20T17:43:07 IST" duration-ms="3559" status="PASS">
          <reporter-output>
          </reporter-output>
        </test-method> <!-- testiSelectPartnerOfYearText -->
        <test-method is-config="true" signature="endTest(org.testng.ITestResult,java.lang.reflect.Method)[pri:0, instance:com.iselect.tests.GlobalHomePageTest@f1da57d]" started-at="2021-12-20T17:43:07 IST" name="endTest" finished-at="2021-12-20T17:43:07 IST" duration-ms="75" status="PASS">
          <params>
            <param index="0">
              <value>
                <![CDATA[[TestResult name=testiSelectPartnerOfYearText status=SUCCESS method=GlobalHomePageTest.testiSelectPartnerOfYearText()[pri:0, instance:com.iselect.tests.GlobalHomePageTest@f1da57d] output={null}]]]>
              </value>
            </param>
            <param index="1">
              <value>
                <![CDATA[public void com.iselect.tests.GlobalHomePageTest.testiSelectPartnerOfYearText()]]>
              </value>
            </param>
          </params>
          <reporter-output>
          </reporter-output>
        </test-method> <!-- endTest -->
        <test-method is-config="true" signature="endTest()[pri:0, instance:com.iselect.tests.GlobalHomePageTest@f1da57d]" started-at="2021-12-20T17:43:07 IST" name="endTest" finished-at="2021-12-20T17:43:07 IST" duration-ms="337" status="PASS">
          <reporter-output>
          </reporter-output>
        </test-method> <!-- endTest -->
        <test-method is-config="true" signature="afterSuite()[pri:0, instance:com.iselect.tests.GlobalHomePageTest@f1da57d]" started-at="2021-12-20T17:43:07 IST" name="afterSuite" finished-at="2021-12-20T17:43:07 IST" duration-ms="0" status="PASS">
          <reporter-output>
          </reporter-output>
        </test-method> <!-- afterSuite -->
      </class> <!-- com.iselect.tests.GlobalHomePageTest -->
    </test> <!-- Regression -->
  </suite> <!-- iSelect -->
</testng-results>
